2023-05-02 09:05:52,256 [Worker-2: Loading available Gradle versions] INFO  o.e.b.c.i.u.g.PublishedGradleVersions - Gradle version information cache is out-of-date. Trying to update.
2023-09-17 14:28:39,473 [Worker-1: Loading available Gradle versions] INFO  o.e.b.c.i.u.g.PublishedGradleVersions - Gradle version information cache is out-of-date. Trying to update.
2023-09-17 14:29:23,354 [Worker-12: Updating Maven Dependencies] INFO  o.e.m.c.i.l.LifecycleMappingFactory - Using org.eclipse.m2e.jdt.JarLifecycleMapping lifecycle mapping for MavenProject: org.example:Classifier:1.0-SNAPSHOT @ D:\classifier-automation-test-suite\pom.xml.
2023-09-17 14:29:23,354 [Worker-18: Building] INFO  o.e.m.c.i.l.LifecycleMappingFactory - Using org.eclipse.m2e.jdt.JarLifecycleMapping lifecycle mapping for MavenProject: org.example:Classifier:1.0-SNAPSHOT @ D:\classifier-automation-test-suite\pom.xml.
2023-09-17 14:29:25,112 [Worker-18: Building] WARN  o.e.m.c.i.embedder.EclipseLogger - Using platform encoding (Cp1252 actually) to copy filtered resources, i.e. build is platform dependent!
2023-09-17 14:29:25,113 [Worker-18: Building] INFO  o.e.m.c.i.embedder.EclipseLogger - skip non existing resourceDirectory D:\classifier-automation-test-suite\src\main\resources
2023-09-17 14:29:25,117 [Worker-18: Building] WARN  o.e.m.c.i.embedder.EclipseLogger - Using platform encoding (Cp1252 actually) to copy filtered resources, i.e. build is platform dependent!
2023-09-17 14:29:25,118 [Worker-18: Building] INFO  o.e.m.c.i.embedder.EclipseLogger - skip non existing resourceDirectory D:\classifier-automation-test-suite\src\test\resources
2023-09-17 14:29:26,603 [Worker-18: Updating Maven Dependencies] INFO  o.e.m.c.i.l.LifecycleMappingFactory - Using org.eclipse.m2e.jdt.JarLifecycleMapping lifecycle mapping for MavenProject: org.example:Classifier:1.0-SNAPSHOT @ D:\classifier-automation-test-suite\pom.xml.
2023-09-17 14:42:37,417 [ModalContext] INFO  o.e.m.c.i.e.AbstractTransferListenerAdapter - Downloading https://repo.maven.apache.org/maven2/org/apache/maven/archetypes/maven-archetype-quickstart/1.4/maven-archetype-quickstart-1.4.pom
2023-09-17 14:42:37,525 [ModalContext] INFO  o.e.m.c.i.e.AbstractTransferListenerAdapter - Downloaded https://repo.maven.apache.org/maven2/org/apache/maven/archetypes/maven-archetype-quickstart/1.4/maven-archetype-quickstart-1.4.pom
2023-09-17 14:42:37,590 [ModalContext] INFO  o.e.m.c.i.e.AbstractTransferListenerAdapter - Downloading https://repo.maven.apache.org/maven2/org/apache/maven/archetypes/maven-archetype-bundles/1.4/maven-archetype-bundles-1.4.pom
2023-09-17 14:42:37,652 [ModalContext] INFO  o.e.m.c.i.e.AbstractTransferListenerAdapter - Downloaded https://repo.maven.apache.org/maven2/org/apache/maven/archetypes/maven-archetype-bundles/1.4/maven-archetype-bundles-1.4.pom
2023-09-17 14:42:37,728 [ModalContext] INFO  o.e.m.c.i.e.AbstractTransferListenerAdapter - Downloading https://repo.maven.apache.org/maven2/org/apache/maven/archetypes/maven-archetype-quickstart/1.4/maven-archetype-quickstart-1.4.jar
2023-09-17 14:42:37,791 [ModalContext] INFO  o.e.m.c.i.e.AbstractTransferListenerAdapter - Downloaded https://repo.maven.apache.org/maven2/org/apache/maven/archetypes/maven-archetype-quickstart/1.4/maven-archetype-quickstart-1.4.jar
2023-09-17 14:43:34,304 [Worker-26: Launching mavenrun-036d0e72-b695-4ce2-a2fc-937e7d89c129] INFO  o.eclipse.m2e.core.internal.Bundles - getClasspathEntries(Bundle=org.eclipse.m2e.maven.runtime_3.8.701.20230209-1606 [607])
2023-09-17 14:43:34,311 [Worker-26: Launching mavenrun-036d0e72-b695-4ce2-a2fc-937e7d89c129] INFO  o.eclipse.m2e.core.internal.Bundles - 	Entry: C:\Users\lenovo\.p2\pool\plugins\org.eclipse.m2e.maven.runtime_3.8.701.20230209-1606
2023-09-17 14:43:34,312 [Worker-26: Launching mavenrun-036d0e72-b695-4ce2-a2fc-937e7d89c129] INFO  o.eclipse.m2e.core.internal.Bundles - 	Entry: C:\Users\lenovo\.p2\pool\plugins\org.eclipse.m2e.maven.runtime_3.8.701.20230209-1606\jars\aether-connector-okhttp-0.17.8.jar
2023-09-17 14:43:34,313 [Worker-26: Launching mavenrun-036d0e72-b695-4ce2-a2fc-937e7d89c129] INFO  o.eclipse.m2e.core.internal.Bundles - 	Entry: C:\Users\lenovo\.p2\pool\plugins\org.eclipse.m2e.maven.runtime_3.8.701.20230209-1606\jars\commons-lang3-3.8.1.jar
2023-09-17 14:43:34,313 [Worker-26: Launching mavenrun-036d0e72-b695-4ce2-a2fc-937e7d89c129] INFO  o.eclipse.m2e.core.internal.Bundles - 	Entry: C:\Users\lenovo\.p2\pool\plugins\org.eclipse.m2e.maven.runtime_3.8.701.20230209-1606\jars\guice-4.2.2-no_aop.jar
2023-09-17 14:43:34,313 [Worker-26: Launching mavenrun-036d0e72-b695-4ce2-a2fc-937e7d89c129] INFO  o.eclipse.m2e.core.internal.Bundles - 	Entry: C:\Users\lenovo\.p2\pool\plugins\org.eclipse.m2e.maven.runtime_3.8.701.20230209-1606\jars\jansi-2.4.0.jar
2023-09-17 14:43:34,313 [Worker-26: Launching mavenrun-036d0e72-b695-4ce2-a2fc-937e7d89c129] INFO  o.eclipse.m2e.core.internal.Bundles - 	Entry: C:\Users\lenovo\.p2\pool\plugins\org.eclipse.m2e.maven.runtime_3.8.701.20230209-1606\jars\maven-artifact-3.8.7.jar
2023-09-17 14:43:34,313 [Worker-26: Launching mavenrun-036d0e72-b695-4ce2-a2fc-937e7d89c129] INFO  o.eclipse.m2e.core.internal.Bundles - 	Entry: C:\Users\lenovo\.p2\pool\plugins\org.eclipse.m2e.maven.runtime_3.8.701.20230209-1606\jars\maven-builder-support-3.8.7.jar
2023-09-17 14:43:34,313 [Worker-26: Launching mavenrun-036d0e72-b695-4ce2-a2fc-937e7d89c129] INFO  o.eclipse.m2e.core.internal.Bundles - 	Entry: C:\Users\lenovo\.p2\pool\plugins\org.eclipse.m2e.maven.runtime_3.8.701.20230209-1606\jars\maven-compat-3.8.7.jar
2023-09-17 14:43:34,313 [Worker-26: Launching mavenrun-036d0e72-b695-4ce2-a2fc-937e7d89c129] INFO  o.eclipse.m2e.core.internal.Bundles - 	Entry: C:\Users\lenovo\.p2\pool\plugins\org.eclipse.m2e.maven.runtime_3.8.701.20230209-1606\jars\maven-core-3.8.7.jar
2023-09-17 14:43:34,313 [Worker-26: Launching mavenrun-036d0e72-b695-4ce2-a2fc-937e7d89c129] INFO  o.eclipse.m2e.core.internal.Bundles - 	Entry: C:\Users\lenovo\.p2\pool\plugins\org.eclipse.m2e.maven.runtime_3.8.701.20230209-1606\jars\maven-embedder-3.8.7.jar
2023-09-17 14:43:34,313 [Worker-26: Launching mavenrun-036d0e72-b695-4ce2-a2fc-937e7d89c129] INFO  o.eclipse.m2e.core.internal.Bundles - 	Entry: C:\Users\lenovo\.p2\pool\plugins\org.eclipse.m2e.maven.runtime_3.8.701.20230209-1606\jars\maven-model-3.8.7.jar
2023-09-17 14:43:34,313 [Worker-26: Launching mavenrun-036d0e72-b695-4ce2-a2fc-937e7d89c129] INFO  o.eclipse.m2e.core.internal.Bundles - 	Entry: C:\Users\lenovo\.p2\pool\plugins\org.eclipse.m2e.maven.runtime_3.8.701.20230209-1606\jars\maven-model-builder-3.8.7.jar
2023-09-17 14:43:34,313 [Worker-26: Launching mavenrun-036d0e72-b695-4ce2-a2fc-937e7d89c129] INFO  o.eclipse.m2e.core.internal.Bundles - 	Entry: C:\Users\lenovo\.p2\pool\plugins\org.eclipse.m2e.maven.runtime_3.8.701.20230209-1606\jars\maven-plugin-api-3.8.7.jar
2023-09-17 14:43:34,313 [Worker-26: Launching mavenrun-036d0e72-b695-4ce2-a2fc-937e7d89c129] INFO  o.eclipse.m2e.core.internal.Bundles - 	Entry: C:\Users\lenovo\.p2\pool\plugins\org.eclipse.m2e.maven.runtime_3.8.701.20230209-1606\jars\maven-repository-metadata-3.8.7.jar
2023-09-17 14:43:34,314 [Worker-26: Launching mavenrun-036d0e72-b695-4ce2-a2fc-937e7d89c129] INFO  o.eclipse.m2e.core.internal.Bundles - 	Entry: C:\Users\lenovo\.p2\pool\plugins\org.eclipse.m2e.maven.runtime_3.8.701.20230209-1606\jars\maven-resolver-api-1.6.3.jar
2023-09-17 14:43:34,315 [Worker-26: Launching mavenrun-036d0e72-b695-4ce2-a2fc-937e7d89c129] INFO  o.eclipse.m2e.core.internal.Bundles - 	Entry: C:\Users\lenovo\.p2\pool\plugins\org.eclipse.m2e.maven.runtime_3.8.701.20230209-1606\jars\maven-resolver-connector-basic-1.6.3.jar
2023-09-17 14:43:34,315 [Worker-26: Launching mavenrun-036d0e72-b695-4ce2-a2fc-937e7d89c129] INFO  o.eclipse.m2e.core.internal.Bundles - 	Entry: C:\Users\lenovo\.p2\pool\plugins\org.eclipse.m2e.maven.runtime_3.8.701.20230209-1606\jars\maven-resolver-impl-1.6.3.jar
2023-09-17 14:43:34,315 [Worker-26: Launching mavenrun-036d0e72-b695-4ce2-a2fc-937e7d89c129] INFO  o.eclipse.m2e.core.internal.Bundles - 	Entry: C:\Users\lenovo\.p2\pool\plugins\org.eclipse.m2e.maven.runtime_3.8.701.20230209-1606\jars\maven-resolver-provider-3.8.7.jar
2023-09-17 14:43:34,315 [Worker-26: Launching mavenrun-036d0e72-b695-4ce2-a2fc-937e7d89c129] INFO  o.eclipse.m2e.core.internal.Bundles - 	Entry: C:\Users\lenovo\.p2\pool\plugins\org.eclipse.m2e.maven.runtime_3.8.701.20230209-1606\jars\maven-resolver-spi-1.6.3.jar
2023-09-17 14:43:34,315 [Worker-26: Launching mavenrun-036d0e72-b695-4ce2-a2fc-937e7d89c129] INFO  o.eclipse.m2e.core.internal.Bundles - 	Entry: C:\Users\lenovo\.p2\pool\plugins\org.eclipse.m2e.maven.runtime_3.8.701.20230209-1606\jars\maven-resolver-transport-wagon-1.6.3.jar
2023-09-17 14:43:34,316 [Worker-26: Launching mavenrun-036d0e72-b695-4ce2-a2fc-937e7d89c129] INFO  o.eclipse.m2e.core.internal.Bundles - 	Entry: C:\Users\lenovo\.p2\pool\plugins\org.eclipse.m2e.maven.runtime_3.8.701.20230209-1606\jars\maven-resolver-util-1.6.3.jar
2023-09-17 14:43:34,316 [Worker-26: Launching mavenrun-036d0e72-b695-4ce2-a2fc-937e7d89c129] INFO  o.eclipse.m2e.core.internal.Bundles - 	Entry: C:\Users\lenovo\.p2\pool\plugins\org.eclipse.m2e.maven.runtime_3.8.701.20230209-1606\jars\maven-settings-3.8.7.jar
2023-09-17 14:43:34,316 [Worker-26: Launching mavenrun-036d0e72-b695-4ce2-a2fc-937e7d89c129] INFO  o.eclipse.m2e.core.internal.Bundles - 	Entry: C:\Users\lenovo\.p2\pool\plugins\org.eclipse.m2e.maven.runtime_3.8.701.20230209-1606\jars\maven-settings-builder-3.8.7.jar
2023-09-17 14:43:34,316 [Worker-26: Launching mavenrun-036d0e72-b695-4ce2-a2fc-937e7d89c129] INFO  o.eclipse.m2e.core.internal.Bundles - 	Entry: C:\Users\lenovo\.p2\pool\plugins\org.eclipse.m2e.maven.runtime_3.8.701.20230209-1606\jars\maven-shared-utils-3.3.4.jar
2023-09-17 14:43:34,316 [Worker-26: Launching mavenrun-036d0e72-b695-4ce2-a2fc-937e7d89c129] INFO  o.eclipse.m2e.core.internal.Bundles - 	Entry: C:\Users\lenovo\.p2\pool\plugins\org.eclipse.m2e.maven.runtime_3.8.701.20230209-1606\jars\okhttp-3.14.1.jar
2023-09-17 14:43:34,316 [Worker-26: Launching mavenrun-036d0e72-b695-4ce2-a2fc-937e7d89c129] INFO  o.eclipse.m2e.core.internal.Bundles - 	Entry: C:\Users\lenovo\.p2\pool\plugins\org.eclipse.m2e.maven.runtime_3.8.701.20230209-1606\jars\okio-1.17.3.jar
2023-09-17 14:43:34,316 [Worker-26: Launching mavenrun-036d0e72-b695-4ce2-a2fc-937e7d89c129] INFO  o.eclipse.m2e.core.internal.Bundles - 	Entry: C:\Users\lenovo\.p2\pool\plugins\org.eclipse.m2e.maven.runtime_3.8.701.20230209-1606\jars\org.eclipse.sisu.inject-0.3.5.jar
2023-09-17 14:43:34,317 [Worker-26: Launching mavenrun-036d0e72-b695-4ce2-a2fc-937e7d89c129] INFO  o.eclipse.m2e.core.internal.Bundles - 	Entry: C:\Users\lenovo\.p2\pool\plugins\org.eclipse.m2e.maven.runtime_3.8.701.20230209-1606\jars\org.eclipse.sisu.plexus-0.3.5.jar
2023-09-17 14:43:34,317 [Worker-26: Launching mavenrun-036d0e72-b695-4ce2-a2fc-937e7d89c129] INFO  o.eclipse.m2e.core.internal.Bundles - 	Entry: C:\Users\lenovo\.p2\pool\plugins\org.eclipse.m2e.maven.runtime_3.8.701.20230209-1606\jars\plexus-build-api-0.0.7.jar
2023-09-17 14:43:34,317 [Worker-26: Launching mavenrun-036d0e72-b695-4ce2-a2fc-937e7d89c129] INFO  o.eclipse.m2e.core.internal.Bundles - 	Entry: C:\Users\lenovo\.p2\pool\plugins\org.eclipse.m2e.maven.runtime_3.8.701.20230209-1606\jars\plexus-cipher-2.0.jar
2023-09-17 14:43:34,317 [Worker-26: Launching mavenrun-036d0e72-b695-4ce2-a2fc-937e7d89c129] INFO  o.eclipse.m2e.core.internal.Bundles - 	Entry: C:\Users\lenovo\.p2\pool\plugins\org.eclipse.m2e.maven.runtime_3.8.701.20230209-1606\jars\plexus-classworlds-2.6.0.jar
2023-09-17 14:43:34,317 [Worker-26: Launching mavenrun-036d0e72-b695-4ce2-a2fc-937e7d89c129] INFO  o.eclipse.m2e.core.internal.Bundles - 	Entry: C:\Users\lenovo\.p2\pool\plugins\org.eclipse.m2e.maven.runtime_3.8.701.20230209-1606\jars\plexus-component-annotations-2.1.0.jar
2023-09-17 14:43:34,317 [Worker-26: Launching mavenrun-036d0e72-b695-4ce2-a2fc-937e7d89c129] INFO  o.eclipse.m2e.core.internal.Bundles - 	Entry: C:\Users\lenovo\.p2\pool\plugins\org.eclipse.m2e.maven.runtime_3.8.701.20230209-1606\jars\plexus-interpolation-1.26.jar
2023-09-17 14:43:34,317 [Worker-26: Launching mavenrun-036d0e72-b695-4ce2-a2fc-937e7d89c129] INFO  o.eclipse.m2e.core.internal.Bundles - 	Entry: C:\Users\lenovo\.p2\pool\plugins\org.eclipse.m2e.maven.runtime_3.8.701.20230209-1606\jars\plexus-sec-dispatcher-2.0.jar
2023-09-17 14:43:34,317 [Worker-26: Launching mavenrun-036d0e72-b695-4ce2-a2fc-937e7d89c129] INFO  o.eclipse.m2e.core.internal.Bundles - 	Entry: C:\Users\lenovo\.p2\pool\plugins\org.eclipse.m2e.maven.runtime_3.8.701.20230209-1606\jars\plexus-utils-3.3.1.jar
2023-09-17 14:43:34,317 [Worker-26: Launching mavenrun-036d0e72-b695-4ce2-a2fc-937e7d89c129] INFO  o.eclipse.m2e.core.internal.Bundles - 	Entry: C:\Users\lenovo\.p2\pool\plugins\org.eclipse.m2e.maven.runtime_3.8.701.20230209-1606\jars\wagon-file-3.5.3.jar
2023-09-17 14:43:34,317 [Worker-26: Launching mavenrun-036d0e72-b695-4ce2-a2fc-937e7d89c129] INFO  o.eclipse.m2e.core.internal.Bundles - 	Entry: C:\Users\lenovo\.p2\pool\plugins\org.eclipse.m2e.maven.runtime_3.8.701.20230209-1606\jars\wagon-provider-api-3.5.3.jar
2023-09-17 14:43:34,319 [Worker-26: Launching mavenrun-036d0e72-b695-4ce2-a2fc-937e7d89c129] INFO  o.eclipse.m2e.core.internal.Bundles - getClasspathEntries(Bundle=com.google.guava_31.1.0.jre [11])
2023-09-17 14:43:34,320 [Worker-26: Launching mavenrun-036d0e72-b695-4ce2-a2fc-937e7d89c129] INFO  o.eclipse.m2e.core.internal.Bundles - 	Entry: C:\Users\lenovo\.p2\pool\plugins\com.google.guava_31.1.0.jre.jar
2023-09-17 14:43:34,320 [Worker-26: Launching mavenrun-036d0e72-b695-4ce2-a2fc-937e7d89c129] INFO  o.eclipse.m2e.core.internal.Bundles - getClasspathEntries(Bundle=slf4j.api_1.7.36 [921])
2023-09-17 14:43:34,322 [Worker-26: Launching mavenrun-036d0e72-b695-4ce2-a2fc-937e7d89c129] INFO  o.eclipse.m2e.core.internal.Bundles - 	Entry: C:\Users\lenovo\.p2\pool\plugins\slf4j.api_1.7.36.jar
2023-09-17 14:43:34,322 [Worker-26: Launching mavenrun-036d0e72-b695-4ce2-a2fc-937e7d89c129] INFO  o.eclipse.m2e.core.internal.Bundles - getClasspathEntries(Bundle=javax.inject_1.0.0.v20220405-0441 [35])
2023-09-17 14:43:34,324 [Worker-26: Launching mavenrun-036d0e72-b695-4ce2-a2fc-937e7d89c129] INFO  o.eclipse.m2e.core.internal.Bundles - 	Entry: C:\Users\lenovo\.p2\pool\plugins\javax.inject_1.0.0.v20220405-0441.jar
2023-09-17 14:43:34,324 [Worker-26: Launching mavenrun-036d0e72-b695-4ce2-a2fc-937e7d89c129] INFO  o.eclipse.m2e.core.internal.Bundles - getClasspathEntries(Bundle=javax.annotation_1.3.5.v20221203-1659 [33])
2023-09-17 14:43:34,326 [Worker-26: Launching mavenrun-036d0e72-b695-4ce2-a2fc-937e7d89c129] INFO  o.eclipse.m2e.core.internal.Bundles - 	Entry: C:\Users\lenovo\.p2\pool\plugins\javax.annotation_1.3.5.v20221203-1659.jar
2023-09-17 14:43:34,326 [Worker-26: Launching mavenrun-036d0e72-b695-4ce2-a2fc-937e7d89c129] INFO  o.eclipse.m2e.core.internal.Bundles - getClasspathEntries(Bundle=org.apache.commons.cli_1.4.0.v20221112-0806 [67])
2023-09-17 14:43:34,327 [Worker-26: Launching mavenrun-036d0e72-b695-4ce2-a2fc-937e7d89c129] INFO  o.eclipse.m2e.core.internal.Bundles - 	Entry: C:\Users\lenovo\.p2\pool\plugins\org.apache.commons.cli_1.4.0.v20221112-0806.jar
2023-09-17 14:43:34,328 [Worker-26: Launching mavenrun-036d0e72-b695-4ce2-a2fc-937e7d89c129] INFO  o.eclipse.m2e.core.internal.Bundles - getClasspathEntries(Bundle=com.google.guava.failureaccess_1.0.1 [13])
2023-09-17 14:43:34,329 [Worker-26: Launching mavenrun-036d0e72-b695-4ce2-a2fc-937e7d89c129] INFO  o.eclipse.m2e.core.internal.Bundles - 	Entry: C:\Users\lenovo\.p2\pool\plugins\com.google.guava.failureaccess_1.0.1.jar
2023-09-17 14:43:34,332 [Worker-26: Launching mavenrun-036d0e72-b695-4ce2-a2fc-937e7d89c129] INFO  o.e.m.i.launch.MavenLaunchDelegate - Run build in "C:\Users\lenovo\AppData\Local\Temp\m2e-archetypeGenerator10887772571010843498":
2023-09-17 14:43:34,337 [Worker-26: Launching mavenrun-036d0e72-b695-4ce2-a2fc-937e7d89c129] INFO  o.e.m.i.launch.MavenLaunchDelegate -  mvn  -DarchetypeGroupId=org.apache.maven.archetypes -DarchetypeArtifactId=maven-archetype-quickstart -DarchetypeVersion=1.4 -DgroupId=Automation -DartifactId=Ahad -Dversion=0.0.1-SNAPSHOT -Dpackage=Automation.Ahad -DoutputDirectory=D:\Ahad -Dstyle.color=always -U archetype:generate
2023-09-17 15:07:44,518 [Worker-31: Creating project "Ahad"] INFO  o.e.m.c.i.l.LifecycleMappingFactory - Using org.eclipse.m2e.jdt.JarLifecycleMapping lifecycle mapping for MavenProject: Automation:Ahad:0.0.1-SNAPSHOT @ D:\Ahad\pom.xml.
2023-09-17 15:07:44,838 [Worker-31: Creating project "Ahad"] INFO  o.e.m.j.i.AbstractJavaProjectConfigurator - Adding source folder /Ahad/src/main/java
2023-09-17 15:07:44,839 [Worker-31: Creating project "Ahad"] INFO  o.e.m.j.i.AbstractJavaProjectConfigurator - Adding resource folder /Ahad/src/main/resources
2023-09-17 15:07:44,840 [Worker-31: Creating project "Ahad"] INFO  o.e.m.j.i.AbstractJavaProjectConfigurator - Adding source folder /Ahad/src/test/java
2023-09-17 15:07:44,840 [Worker-31: Creating project "Ahad"] INFO  o.e.m.j.i.AbstractJavaProjectConfigurator - Adding resource folder /Ahad/src/test/resources
2023-09-17 15:07:45,470 [Worker-31: Building] WARN  o.e.m.c.i.embedder.EclipseLogger - Using platform encoding (Cp1252 actually) to copy filtered resources, i.e. build is platform dependent!
2023-09-17 15:07:45,480 [Worker-31: Building] INFO  o.e.m.c.i.embedder.EclipseLogger - Copying 0 resource
2023-09-17 15:07:45,486 [Worker-31: Building] WARN  o.e.m.c.i.embedder.EclipseLogger - Using platform encoding (Cp1252 actually) to copy filtered resources, i.e. build is platform dependent!
2023-09-17 15:07:45,487 [Worker-31: Building] INFO  o.e.m.c.i.embedder.EclipseLogger - Copying 0 resource
2023-09-17 15:21:49,815 [Worker-34: Building] WARN  o.e.m.c.i.embedder.EclipseLogger - Using platform encoding (Cp1252 actually) to copy filtered resources, i.e. build is platform dependent!
2023-09-17 15:21:49,817 [Worker-34: Building] INFO  o.e.m.c.i.embedder.EclipseLogger - Copying 1 resource
2023-09-17 15:21:49,827 [Worker-34: Building] WARN  o.e.m.c.i.embedder.EclipseLogger - Using platform encoding (Cp1252 actually) to copy filtered resources, i.e. build is platform dependent!
2023-09-17 15:21:49,829 [Worker-34: Building] INFO  o.e.m.c.i.embedder.EclipseLogger - Copying 0 resource
2023-09-17 15:22:35,572 [Worker-36: Building] WARN  o.e.m.c.i.embedder.EclipseLogger - Using platform encoding (Cp1252 actually) to copy filtered resources, i.e. build is platform dependent!
2023-09-17 15:22:35,575 [Worker-36: Building] INFO  o.e.m.c.i.embedder.EclipseLogger - Copying 1 resource
2023-09-17 15:22:35,581 [Worker-36: Building] WARN  o.e.m.c.i.embedder.EclipseLogger - Using platform encoding (Cp1252 actually) to copy filtered resources, i.e. build is platform dependent!
2023-09-17 15:22:35,582 [Worker-36: Building] INFO  o.e.m.c.i.embedder.EclipseLogger - Copying 0 resource
2023-09-17 15:26:51,168 [Worker-36: Building] WARN  o.e.m.c.i.embedder.EclipseLogger - Using platform encoding (Cp1252 actually) to copy filtered resources, i.e. build is platform dependent!
2023-09-17 15:26:51,169 [Worker-36: Building] INFO  o.e.m.c.i.embedder.EclipseLogger - Copying 0 resource
2023-09-17 15:26:51,172 [Worker-36: Building] WARN  o.e.m.c.i.embedder.EclipseLogger - Using platform encoding (Cp1252 actually) to copy filtered resources, i.e. build is platform dependent!
2023-09-17 15:26:51,172 [Worker-36: Building] INFO  o.e.m.c.i.embedder.EclipseLogger - Copying 0 resource
2023-09-17 15:29:09,636 [Worker-34: Building] WARN  o.e.m.c.i.embedder.EclipseLogger - Using platform encoding (Cp1252 actually) to copy filtered resources, i.e. build is platform dependent!
2023-09-17 15:29:09,637 [Worker-34: Building] INFO  o.e.m.c.i.embedder.EclipseLogger - Copying 1 resource
2023-09-17 15:29:09,644 [Worker-34: Building] WARN  o.e.m.c.i.embedder.EclipseLogger - Using platform encoding (Cp1252 actually) to copy filtered resources, i.e. build is platform dependent!
2023-09-17 15:29:09,645 [Worker-34: Building] INFO  o.e.m.c.i.embedder.EclipseLogger - Copying 0 resource
2023-09-17 15:32:42,862 [Worker-34: Building] WARN  o.e.m.c.i.embedder.EclipseLogger - Using platform encoding (Cp1252 actually) to copy filtered resources, i.e. build is platform dependent!
2023-09-17 15:32:42,863 [Worker-34: Building] INFO  o.e.m.c.i.embedder.EclipseLogger - Copying 0 resource
2023-09-17 15:32:42,865 [Worker-34: Building] WARN  o.e.m.c.i.embedder.EclipseLogger - Using platform encoding (Cp1252 actually) to copy filtered resources, i.e. build is platform dependent!
2023-09-17 15:32:42,866 [Worker-34: Building] INFO  o.e.m.c.i.embedder.EclipseLogger - Copying 1 resource
2023-10-19 09:15:42,828 [Worker-4: Loading available Gradle versions] INFO  o.e.b.c.i.u.g.PublishedGradleVersions - Gradle version information cache is out-of-date. Trying to update.
2023-10-19 11:52:09,123 [Worker-29: Creating project "automationSuite"] INFO  o.e.m.c.i.l.LifecycleMappingFactory - Using org.eclipse.m2e.jdt.JarLifecycleMapping lifecycle mapping for MavenProject: org.ahad:automationSuite:0.0.1-SNAPSHOT @ D:\Ahad\pom.xml.
2023-10-19 11:52:09,504 [Worker-29: Creating project "automationSuite"] INFO  o.e.m.j.i.AbstractJavaProjectConfigurator - Adding source folder /automationSuite/src/main/java
2023-10-19 11:52:09,505 [Worker-29: Creating project "automationSuite"] INFO  o.e.m.j.i.AbstractJavaProjectConfigurator - Adding resource folder /automationSuite/src/main/resources
2023-10-19 11:52:09,506 [Worker-29: Creating project "automationSuite"] INFO  o.e.m.j.i.AbstractJavaProjectConfigurator - Adding source folder /automationSuite/src/test/java
2023-10-19 11:52:09,506 [Worker-29: Creating project "automationSuite"] INFO  o.e.m.j.i.AbstractJavaProjectConfigurator - Adding resource folder /automationSuite/src/test/resources
2023-10-19 11:52:10,008 [Worker-31: Building] WARN  o.e.m.c.i.embedder.EclipseLogger - Using platform encoding (Cp1252 actually) to copy filtered resources, i.e. build is platform dependent!
2023-10-19 11:52:10,014 [Worker-31: Building] INFO  o.e.m.c.i.embedder.EclipseLogger - Copying 0 resource
2023-10-19 11:52:10,018 [Worker-31: Building] WARN  o.e.m.c.i.embedder.EclipseLogger - Using platform encoding (Cp1252 actually) to copy filtered resources, i.e. build is platform dependent!
2023-10-19 11:52:10,019 [Worker-31: Building] INFO  o.e.m.c.i.embedder.EclipseLogger - Copying 0 resource
2023-10-19 13:55:46,025 [Worker-29: Creating project "ahadAutomationTestSuite"] INFO  o.e.m.c.i.l.LifecycleMappingFactory - Using org.eclipse.m2e.jdt.JarLifecycleMapping lifecycle mapping for MavenProject: org.ahad:ahadAutomationTestSuite:0.0.1-SNAPSHOT @ D:\Temp workspace\ahadAutomationTestSuite\pom.xml.
2023-10-19 13:55:46,263 [Worker-29: Creating project "ahadAutomationTestSuite"] INFO  o.e.m.j.i.AbstractJavaProjectConfigurator - Adding source folder /ahadAutomationTestSuite/src/main/java
2023-10-19 13:55:46,263 [Worker-29: Creating project "ahadAutomationTestSuite"] INFO  o.e.m.j.i.AbstractJavaProjectConfigurator - Adding resource folder /ahadAutomationTestSuite/src/main/resources
2023-10-19 13:55:46,264 [Worker-29: Creating project "ahadAutomationTestSuite"] INFO  o.e.m.j.i.AbstractJavaProjectConfigurator - Adding source folder /ahadAutomationTestSuite/src/test/java
2023-10-19 13:55:46,264 [Worker-29: Creating project "ahadAutomationTestSuite"] INFO  o.e.m.j.i.AbstractJavaProjectConfigurator - Adding resource folder /ahadAutomationTestSuite/src/test/resources
2023-10-19 13:55:48,228 [Worker-38: Building] WARN  o.e.m.c.i.embedder.EclipseLogger - Using platform encoding (Cp1252 actually) to copy filtered resources, i.e. build is platform dependent!
2023-10-19 13:55:48,229 [Worker-38: Building] INFO  o.e.m.c.i.embedder.EclipseLogger - Copying 0 resource
2023-10-19 13:55:48,231 [Worker-38: Building] WARN  o.e.m.c.i.embedder.EclipseLogger - Using platform encoding (Cp1252 actually) to copy filtered resources, i.e. build is platform dependent!
2023-10-19 13:55:48,232 [Worker-38: Building] INFO  o.e.m.c.i.embedder.EclipseLogger - Copying 0 resource
2023-10-19 14:00:40,586 [Worker-42: Creating project "ahadTestAutomationSuite"] INFO  o.e.m.c.i.l.LifecycleMappingFactory - Using org.eclipse.m2e.jdt.JarLifecycleMapping lifecycle mapping for MavenProject: org.ahad:ahadTestAutomationSuite:0.0.1-SNAPSHOT @ D:\Temp workspace\ahadTestAutomationSuite\pom.xml.
2023-10-19 14:00:40,766 [Worker-42: Creating project "ahadTestAutomationSuite"] INFO  o.e.m.j.i.AbstractJavaProjectConfigurator - Adding source folder /ahadTestAutomationSuite/src/main/java
2023-10-19 14:00:40,767 [Worker-42: Creating project "ahadTestAutomationSuite"] INFO  o.e.m.j.i.AbstractJavaProjectConfigurator - Adding resource folder /ahadTestAutomationSuite/src/main/resources
2023-10-19 14:00:40,767 [Worker-42: Creating project "ahadTestAutomationSuite"] INFO  o.e.m.j.i.AbstractJavaProjectConfigurator - Adding source folder /ahadTestAutomationSuite/src/test/java
2023-10-19 14:00:40,767 [Worker-42: Creating project "ahadTestAutomationSuite"] INFO  o.e.m.j.i.AbstractJavaProjectConfigurator - Adding resource folder /ahadTestAutomationSuite/src/test/resources
2023-10-19 14:00:42,542 [Worker-43: Building] WARN  o.e.m.c.i.embedder.EclipseLogger - Using platform encoding (Cp1252 actually) to copy filtered resources, i.e. build is platform dependent!
2023-10-19 14:00:42,543 [Worker-43: Building] INFO  o.e.m.c.i.embedder.EclipseLogger - Copying 0 resource
2023-10-19 14:00:42,545 [Worker-43: Building] WARN  o.e.m.c.i.embedder.EclipseLogger - Using platform encoding (Cp1252 actually) to copy filtered resources, i.e. build is platform dependent!
2023-10-19 14:00:42,546 [Worker-43: Building] INFO  o.e.m.c.i.embedder.EclipseLogger - Copying 0 resource
2023-10-19 14:20:30,280 [Worker-48: Building] WARN  o.e.m.c.i.embedder.EclipseLogger - Using platform encoding (Cp1252 actually) to copy filtered resources, i.e. build is platform dependent!
2023-10-19 14:20:30,285 [Worker-48: Building] INFO  o.e.m.c.i.embedder.EclipseLogger - Copying 0 resource
2023-10-19 14:20:30,289 [Worker-48: Building] WARN  o.e.m.c.i.embedder.EclipseLogger - Using platform encoding (Cp1252 actually) to copy filtered resources, i.e. build is platform dependent!
2023-10-19 14:20:30,289 [Worker-48: Building] INFO  o.e.m.c.i.embedder.EclipseLogger - Copying 0 resource
2023-10-19 14:23:41,879 [Worker-48: Building] WARN  o.e.m.c.i.embedder.EclipseLogger - Using platform encoding (Cp1252 actually) to copy filtered resources, i.e. build is platform dependent!
2023-10-19 14:23:41,891 [Worker-48: Building] INFO  o.e.m.c.i.embedder.EclipseLogger - Copying 0 resource
2023-10-19 14:23:41,894 [Worker-48: Building] WARN  o.e.m.c.i.embedder.EclipseLogger - Using platform encoding (Cp1252 actually) to copy filtered resources, i.e. build is platform dependent!
2023-10-19 14:23:41,895 [Worker-48: Building] INFO  o.e.m.c.i.embedder.EclipseLogger - Copying 0 resource
2023-10-19 14:26:19,597 [Worker-48: Building] INFO  o.e.m.c.i.l.LifecycleMappingFactory - Using org.eclipse.m2e.jdt.JarLifecycleMapping lifecycle mapping for MavenProject: org.example:Classifier:1.0-SNAPSHOT @ D:\classifier-automation-test-suite\pom.xml.
2023-10-19 14:26:20,402 [Worker-48: Building] WARN  o.e.m.c.i.embedder.EclipseLogger - Using platform encoding (Cp1252 actually) to copy filtered resources, i.e. build is platform dependent!
2023-10-19 14:26:20,403 [Worker-48: Building] INFO  o.e.m.c.i.embedder.EclipseLogger - skip non existing resourceDirectory D:\classifier-automation-test-suite\src\main\resources
2023-10-19 14:26:20,405 [Worker-48: Building] WARN  o.e.m.c.i.embedder.EclipseLogger - Using platform encoding (Cp1252 actually) to copy filtered resources, i.e. build is platform dependent!
2023-10-19 14:26:20,406 [Worker-48: Building] INFO  o.e.m.c.i.embedder.EclipseLogger - skip non existing resourceDirectory D:\classifier-automation-test-suite\src\test\resources
2023-10-19 14:26:21,258 [Worker-48: Updating Maven Dependencies] INFO  o.e.m.c.i.l.LifecycleMappingFactory - Using org.eclipse.m2e.jdt.JarLifecycleMapping lifecycle mapping for MavenProject: org.example:Classifier:1.0-SNAPSHOT @ D:\classifier-automation-test-suite\pom.xml.
2023-10-19 14:27:54,087 [Worker-52: Building] WARN  o.e.m.c.i.embedder.EclipseLogger - Using platform encoding (Cp1252 actually) to copy filtered resources, i.e. build is platform dependent!
2023-10-19 14:27:54,089 [Worker-52: Building] INFO  o.e.m.c.i.embedder.EclipseLogger - Copying 0 resource
2023-10-19 14:27:54,091 [Worker-52: Building] WARN  o.e.m.c.i.embedder.EclipseLogger - Using platform encoding (Cp1252 actually) to copy filtered resources, i.e. build is platform dependent!
2023-10-19 14:27:54,092 [Worker-52: Building] INFO  o.e.m.c.i.embedder.EclipseLogger - Copying 0 resource
2023-10-19 14:29:04,597 [Worker-52: Building] INFO  o.e.m.c.i.l.LifecycleMappingFactory - Using org.eclipse.m2e.jdt.JarLifecycleMapping lifecycle mapping for MavenProject: org.ahad:ahadTestAutomationSuite:0.0.1-SNAPSHOT @ D:\Temp workspace\ahadTestAutomationSuite\pom.xml.
2023-10-19 14:29:04,818 [Worker-52: Building] INFO  o.e.m.c.i.p.WorkspaceClassifierResolverManager - Resolving P/Classifier: org.example:Classifier:1.0-SNAPSHOT with classifier  to /Classifier/target/classes
2023-10-19 14:29:05,102 [Worker-52: Building] WARN  o.e.m.c.i.embedder.EclipseLogger - Using platform encoding (Cp1252 actually) to copy filtered resources, i.e. build is platform dependent!
2023-10-19 14:29:05,104 [Worker-52: Building] INFO  o.e.m.c.i.embedder.EclipseLogger - Copying 0 resource
2023-10-19 14:29:05,106 [Worker-52: Building] WARN  o.e.m.c.i.embedder.EclipseLogger - Using platform encoding (Cp1252 actually) to copy filtered resources, i.e. build is platform dependent!
2023-10-19 14:29:05,107 [Worker-52: Building] INFO  o.e.m.c.i.embedder.EclipseLogger - Copying 0 resource
2023-10-19 14:29:06,523 [Worker-53: Download sources and javadoc] INFO  o.e.m.c.i.e.AbstractTransferListenerAdapter - Downloading https://repo.maven.apache.org/maven2/com/beust/jcommander/1.82/jcommander-1.82-sources.jar
2023-10-19 14:29:06,726 [Worker-53: Download sources and javadoc] INFO  o.e.m.c.i.e.AbstractTransferListenerAdapter - Downloaded https://repo.maven.apache.org/maven2/com/beust/jcommander/1.82/jcommander-1.82-sources.jar
2023-10-19 14:29:06,732 [Worker-53: Download sources and javadoc] INFO  o.e.m.j.internal.DownloadSourcesJob - Downloaded sources for com.beust:jcommander:1.82
2023-10-19 14:29:07,356 [Worker-53: Download sources and javadoc] INFO  o.e.m.c.i.e.AbstractTransferListenerAdapter - Downloading https://repo.maven.apache.org/maven2/org/slf4j/slf4j-api/1.7.36/slf4j-api-1.7.36-sources.jar
2023-10-19 14:29:08,094 [Worker-53: Download sources and javadoc] INFO  o.e.m.c.i.e.AbstractTransferListenerAdapter - Downloaded https://repo.maven.apache.org/maven2/org/slf4j/slf4j-api/1.7.36/slf4j-api-1.7.36-sources.jar
2023-10-19 14:29:08,095 [Worker-53: Download sources and javadoc] INFO  o.e.m.j.internal.DownloadSourcesJob - Downloaded sources for org.slf4j:slf4j-api:1.7.36
2023-10-19 14:29:08,974 [Worker-53: Download sources and javadoc] INFO  o.e.m.c.i.e.AbstractTransferListenerAdapter - Downloading https://repo.maven.apache.org/maven2/com/google/code/findbugs/jsr305/3.0.2/jsr305-3.0.2-sources.jar
2023-10-19 14:29:09,163 [Worker-53: Download sources and javadoc] INFO  o.e.m.c.i.e.AbstractTransferListenerAdapter - Downloaded https://repo.maven.apache.org/maven2/com/google/code/findbugs/jsr305/3.0.2/jsr305-3.0.2-sources.jar
2023-10-19 14:29:09,168 [Worker-53: Download sources and javadoc] INFO  o.e.m.j.internal.DownloadSourcesJob - Downloaded sources for com.google.code.findbugs:jsr305:3.0.2
2023-10-19 14:30:41,371 [Worker-52: Building] WARN  o.e.m.c.i.embedder.EclipseLogger - Using platform encoding (Cp1252 actually) to copy filtered resources, i.e. build is platform dependent!
2023-10-19 14:30:41,373 [Worker-52: Building] INFO  o.e.m.c.i.embedder.EclipseLogger - skip non existing resourceDirectory D:\Temp workspace\ahadTestAutomationSuite\src\main\resources
2023-10-19 14:30:41,376 [Worker-52: Building] WARN  o.e.m.c.i.embedder.EclipseLogger - Using platform encoding (Cp1252 actually) to copy filtered resources, i.e. build is platform dependent!
2023-10-19 14:30:41,377 [Worker-52: Building] INFO  o.e.m.c.i.embedder.EclipseLogger - Copying 0 resource
2023-10-19 14:30:44,837 [Worker-53: Building] WARN  o.e.m.c.i.embedder.EclipseLogger - Using platform encoding (Cp1252 actually) to copy filtered resources, i.e. build is platform dependent!
2023-10-19 14:30:44,838 [Worker-53: Building] INFO  o.e.m.c.i.embedder.EclipseLogger - skip non existing resourceDirectory D:\Temp workspace\ahadTestAutomationSuite\src\main\resources
2023-10-19 14:30:44,839 [Worker-53: Building] WARN  o.e.m.c.i.embedder.EclipseLogger - Using platform encoding (Cp1252 actually) to copy filtered resources, i.e. build is platform dependent!
2023-10-19 14:30:44,839 [Worker-53: Building] INFO  o.e.m.c.i.embedder.EclipseLogger - skip non existing resourceDirectory D:\Temp workspace\ahadTestAutomationSuite\src\test\resources
2023-10-19 14:31:42,292 [Worker-41: Building] WARN  o.e.m.c.i.embedder.EclipseLogger - Using platform encoding (Cp1252 actually) to copy filtered resources, i.e. build is platform dependent!
2023-10-19 14:31:42,292 [Worker-41: Building] INFO  o.e.m.c.i.embedder.EclipseLogger - skip non existing resourceDirectory D:\Temp workspace\ahadTestAutomationSuite\src\main\resources
2023-10-19 14:31:42,294 [Worker-41: Building] WARN  o.e.m.c.i.embedder.EclipseLogger - Using platform encoding (Cp1252 actually) to copy filtered resources, i.e. build is platform dependent!
2023-10-19 14:31:42,295 [Worker-41: Building] INFO  o.e.m.c.i.embedder.EclipseLogger - skip non existing resourceDirectory D:\Temp workspace\ahadTestAutomationSuite\src\test\resources
2023-10-19 14:33:08,194 [Worker-41: Building] INFO  o.e.m.c.i.l.LifecycleMappingFactory - Using org.eclipse.m2e.jdt.JarLifecycleMapping lifecycle mapping for MavenProject: org.ahad:ahadTestAutomationSuite:0.0.1-SNAPSHOT @ D:\Temp workspace\ahadTestAutomationSuite\pom.xml.
2023-10-19 14:33:08,378 [Worker-41: Building] INFO  o.e.m.c.i.p.WorkspaceClassifierResolverManager - Resolving P/Classifier: org.example:Classifier:1.0-SNAPSHOT with classifier  to /Classifier/target/classes
2023-10-19 14:33:08,585 [Worker-41: Building] WARN  o.e.m.c.i.embedder.EclipseLogger - Using platform encoding (Cp1252 actually) to copy filtered resources, i.e. build is platform dependent!
2023-10-19 14:33:08,586 [Worker-41: Building] INFO  o.e.m.c.i.embedder.EclipseLogger - skip non existing resourceDirectory D:\Temp workspace\ahadTestAutomationSuite\src\main\resources
2023-10-19 14:33:08,588 [Worker-41: Building] WARN  o.e.m.c.i.embedder.EclipseLogger - Using platform encoding (Cp1252 actually) to copy filtered resources, i.e. build is platform dependent!
2023-10-19 14:33:08,589 [Worker-41: Building] INFO  o.e.m.c.i.embedder.EclipseLogger - skip non existing resourceDirectory D:\Temp workspace\ahadTestAutomationSuite\src\test\resources
2023-10-19 14:33:25,059 [Worker-53: Building] INFO  o.e.m.c.i.l.LifecycleMappingFactory - Using org.eclipse.m2e.jdt.JarLifecycleMapping lifecycle mapping for MavenProject: org.ahad:ahadTestAutomationSuite:0.0.1-SNAPSHOT @ D:\Temp workspace\ahadTestAutomationSuite\pom.xml.
2023-10-19 14:33:25,269 [Worker-53: Building] INFO  o.e.m.c.i.p.WorkspaceClassifierResolverManager - Resolving P/Classifier: org.example:Classifier:1.0-SNAPSHOT with classifier  to /Classifier/target/classes
2023-10-19 14:33:25,459 [Worker-53: Building] WARN  o.e.m.c.i.embedder.EclipseLogger - Using platform encoding (Cp1252 actually) to copy filtered resources, i.e. build is platform dependent!
2023-10-19 14:33:25,459 [Worker-53: Building] INFO  o.e.m.c.i.embedder.EclipseLogger - skip non existing resourceDirectory D:\Temp workspace\ahadTestAutomationSuite\src\main\resources
2023-10-19 14:33:25,461 [Worker-53: Building] WARN  o.e.m.c.i.embedder.EclipseLogger - Using platform encoding (Cp1252 actually) to copy filtered resources, i.e. build is platform dependent!
2023-10-19 14:33:25,462 [Worker-53: Building] INFO  o.e.m.c.i.embedder.EclipseLogger - skip non existing resourceDirectory D:\Temp workspace\ahadTestAutomationSuite\src\test\resources
2023-10-19 14:35:23,027 [Worker-41: Building] WARN  o.e.m.c.i.embedder.EclipseLogger - Using platform encoding (Cp1252 actually) to copy filtered resources, i.e. build is platform dependent!
2023-10-19 14:35:23,029 [Worker-41: Building] INFO  o.e.m.c.i.embedder.EclipseLogger - skip non existing resourceDirectory D:\Temp workspace\ahadTestAutomationSuite\src\main\resources
2023-10-19 14:35:23,031 [Worker-41: Building] WARN  o.e.m.c.i.embedder.EclipseLogger - Using platform encoding (Cp1252 actually) to copy filtered resources, i.e. build is platform dependent!
2023-10-19 14:35:23,031 [Worker-41: Building] INFO  o.e.m.c.i.embedder.EclipseLogger - skip non existing resourceDirectory D:\Temp workspace\ahadTestAutomationSuite\src\test\resources
2023-10-19 14:35:48,379 [Worker-52: Building] WARN  o.e.m.c.i.embedder.EclipseLogger - Using platform encoding (Cp1252 actually) to copy filtered resources, i.e. build is platform dependent!
2023-10-19 14:35:48,380 [Worker-52: Building] INFO  o.e.m.c.i.embedder.EclipseLogger - skip non existing resourceDirectory D:\Temp workspace\ahadTestAutomationSuite\src\main\resources
2023-10-19 14:35:48,382 [Worker-52: Building] WARN  o.e.m.c.i.embedder.EclipseLogger - Using platform encoding (Cp1252 actually) to copy filtered resources, i.e. build is platform dependent!
2023-10-19 14:35:48,382 [Worker-52: Building] INFO  o.e.m.c.i.embedder.EclipseLogger - skip non existing resourceDirectory D:\Temp workspace\ahadTestAutomationSuite\src\test\resources
2023-10-20 20:23:37,418 [Worker-60: Building] WARN  o.e.m.c.i.embedder.EclipseLogger - Using platform encoding (Cp1252 actually) to copy filtered resources, i.e. build is platform dependent!
2023-10-20 20:23:37,432 [Worker-60: Building] INFO  o.e.m.c.i.embedder.EclipseLogger - skip non existing resourceDirectory D:\Temp workspace\ahadTestAutomationSuite\src\main\resources
2023-10-20 20:23:37,435 [Worker-60: Building] WARN  o.e.m.c.i.embedder.EclipseLogger - Using platform encoding (Cp1252 actually) to copy filtered resources, i.e. build is platform dependent!
2023-10-20 20:23:37,436 [Worker-60: Building] INFO  o.e.m.c.i.embedder.EclipseLogger - skip non existing resourceDirectory D:\Temp workspace\ahadTestAutomationSuite\src\test\resources
2023-10-20 20:29:03,103 [Worker-63: Building] INFO  o.e.m.c.i.l.LifecycleMappingFactory - Using org.eclipse.m2e.jdt.JarLifecycleMapping lifecycle mapping for MavenProject: org.ahad:ahadTestAutomationSuite:0.0.1-SNAPSHOT @ D:\Temp workspace\ahadTestAutomationSuite\pom.xml.
2023-10-20 20:29:03,432 [Worker-63: Building] WARN  o.e.m.c.i.embedder.EclipseLogger - Using platform encoding (Cp1252 actually) to copy filtered resources, i.e. build is platform dependent!
2023-10-20 20:29:03,433 [Worker-63: Building] INFO  o.e.m.c.i.embedder.EclipseLogger - skip non existing resourceDirectory D:\Temp workspace\ahadTestAutomationSuite\src\main\resources
2023-10-20 20:29:03,437 [Worker-63: Building] WARN  o.e.m.c.i.embedder.EclipseLogger - Using platform encoding (Cp1252 actually) to copy filtered resources, i.e. build is platform dependent!
2023-10-20 20:29:03,437 [Worker-63: Building] INFO  o.e.m.c.i.embedder.EclipseLogger - skip non existing resourceDirectory D:\Temp workspace\ahadTestAutomationSuite\src\test\resources
2023-10-20 20:29:41,464 [Worker-66: Building] WARN  o.e.m.c.i.embedder.EclipseLogger - Using platform encoding (Cp1252 actually) to copy filtered resources, i.e. build is platform dependent!
2023-10-20 20:29:41,465 [Worker-66: Building] INFO  o.e.m.c.i.embedder.EclipseLogger - skip non existing resourceDirectory D:\Temp workspace\ahadTestAutomationSuite\src\main\resources
2023-10-20 20:29:41,467 [Worker-66: Building] WARN  o.e.m.c.i.embedder.EclipseLogger - Using platform encoding (Cp1252 actually) to copy filtered resources, i.e. build is platform dependent!
2023-10-20 20:29:41,467 [Worker-66: Building] INFO  o.e.m.c.i.embedder.EclipseLogger - skip non existing resourceDirectory D:\Temp workspace\ahadTestAutomationSuite\src\test\resources
2023-10-20 20:31:31,240 [Worker-64: Building] WARN  o.e.m.c.i.embedder.EclipseLogger - Using platform encoding (Cp1252 actually) to copy filtered resources, i.e. build is platform dependent!
2023-10-20 20:31:31,241 [Worker-64: Building] INFO  o.e.m.c.i.embedder.EclipseLogger - skip non existing resourceDirectory D:\classifier-automation-test-suite\src\main\resources
2023-10-20 20:31:31,245 [Worker-64: Building] WARN  o.e.m.c.i.embedder.EclipseLogger - Using platform encoding (Cp1252 actually) to copy filtered resources, i.e. build is platform dependent!
2023-10-20 20:31:31,246 [Worker-64: Building] INFO  o.e.m.c.i.embedder.EclipseLogger - skip non existing resourceDirectory D:\classifier-automation-test-suite\src\test\resources
2023-10-20 20:31:31,299 [Worker-64: Building] WARN  o.e.m.c.i.embedder.EclipseLogger - Using platform encoding (Cp1252 actually) to copy filtered resources, i.e. build is platform dependent!
2023-10-20 20:31:31,300 [Worker-64: Building] INFO  o.e.m.c.i.embedder.EclipseLogger - skip non existing resourceDirectory D:\Temp workspace\ahadTestAutomationSuite\src\main\resources
2023-10-20 20:31:31,304 [Worker-64: Building] WARN  o.e.m.c.i.embedder.EclipseLogger - Using platform encoding (Cp1252 actually) to copy filtered resources, i.e. build is platform dependent!
2023-10-20 20:31:31,305 [Worker-64: Building] INFO  o.e.m.c.i.embedder.EclipseLogger - skip non existing resourceDirectory D:\Temp workspace\ahadTestAutomationSuite\src\test\resources
2023-10-20 21:33:58,217 [Worker-0: Loading available Gradle versions] INFO  o.e.b.c.i.u.g.PublishedGradleVersions - Gradle version information cache is out-of-date. Trying to update.
2023-10-20 21:35:42,340 [Worker-0: Building] WARN  o.e.m.c.i.embedder.EclipseLogger - Using platform encoding (UTF-8 actually) to copy filtered resources, i.e. build is platform dependent!
2023-10-20 21:35:42,344 [Worker-0: Building] INFO  o.e.m.c.i.embedder.EclipseLogger - skip non existing resourceDirectory D:\ahad-automation-test-suite\ahadTestAutomationSuite\src\main\resources
2023-10-20 21:35:42,348 [Worker-0: Building] WARN  o.e.m.c.i.embedder.EclipseLogger - Using platform encoding (UTF-8 actually) to copy filtered resources, i.e. build is platform dependent!
2023-10-20 21:35:42,349 [Worker-0: Building] INFO  o.e.m.c.i.embedder.EclipseLogger - skip non existing resourceDirectory D:\ahad-automation-test-suite\ahadTestAutomationSuite\src\test\resources
2023-10-20 21:37:59,150 [Worker-5: Building] WARN  o.e.m.c.i.embedder.EclipseLogger - Using platform encoding (UTF-8 actually) to copy filtered resources, i.e. build is platform dependent!
2023-10-20 21:37:59,151 [Worker-5: Building] INFO  o.e.m.c.i.embedder.EclipseLogger - skip non existing resourceDirectory D:\classifier-automation-test-suite\src\main\resources
2023-10-20 21:37:59,153 [Worker-5: Building] WARN  o.e.m.c.i.embedder.EclipseLogger - Using platform encoding (UTF-8 actually) to copy filtered resources, i.e. build is platform dependent!
2023-10-20 21:37:59,154 [Worker-5: Building] INFO  o.e.m.c.i.embedder.EclipseLogger - skip non existing resourceDirectory D:\classifier-automation-test-suite\src\test\resources
2023-10-20 21:48:20,197 [Worker-0: Loading available Gradle versions] INFO  o.e.b.c.i.u.g.PublishedGradleVersions - Gradle version information cache is up-to-date. Trying to read.
2023-10-20 21:48:22,118 [Worker-6: Building] INFO  o.e.m.c.i.l.LifecycleMappingFactory - Using org.eclipse.m2e.jdt.JarLifecycleMapping lifecycle mapping for MavenProject: org.ahad:ahadTestAutomationSuite:0.0.1-SNAPSHOT @ D:\ahad-automation-test-suite\ahadTestAutomationSuite\pom.xml.
2023-10-20 21:48:22,599 [Worker-6: Building] WARN  o.e.m.c.i.embedder.EclipseLogger - Using platform encoding (UTF-8 actually) to copy filtered resources, i.e. build is platform dependent!
2023-10-20 21:48:22,600 [Worker-6: Building] INFO  o.e.m.c.i.embedder.EclipseLogger - skip non existing resourceDirectory D:\ahad-automation-test-suite\ahadTestAutomationSuite\src\main\resources
2023-10-20 21:48:22,605 [Worker-6: Building] WARN  o.e.m.c.i.embedder.EclipseLogger - Using platform encoding (UTF-8 actually) to copy filtered resources, i.e. build is platform dependent!
2023-10-20 21:48:22,605 [Worker-6: Building] INFO  o.e.m.c.i.embedder.EclipseLogger - skip non existing resourceDirectory D:\ahad-automation-test-suite\ahadTestAutomationSuite\src\test\resources
2023-10-20 21:48:23,780 [Worker-5: Updating Maven Dependencies] INFO  o.e.m.c.i.l.LifecycleMappingFactory - Using org.eclipse.m2e.jdt.JarLifecycleMapping lifecycle mapping for MavenProject: org.ahad:ahadTestAutomationSuite:0.0.1-SNAPSHOT @ D:\ahad-automation-test-suite\ahadTestAutomationSuite\pom.xml.
2023-10-20 21:50:52,495 [Worker-16: Building] WARN  o.e.m.c.i.embedder.EclipseLogger - Using platform encoding (UTF-8 actually) to copy filtered resources, i.e. build is platform dependent!
2023-10-20 21:50:52,496 [Worker-16: Building] INFO  o.e.m.c.i.embedder.EclipseLogger - skip non existing resourceDirectory D:\ahad-automation-test-suite\ahadTestAutomationSuite\src\main\resources
2023-10-20 21:50:52,501 [Worker-16: Building] WARN  o.e.m.c.i.embedder.EclipseLogger - Using platform encoding (UTF-8 actually) to copy filtered resources, i.e. build is platform dependent!
2023-10-20 21:50:52,501 [Worker-16: Building] INFO  o.e.m.c.i.embedder.EclipseLogger - skip non existing resourceDirectory D:\ahad-automation-test-suite\ahadTestAutomationSuite\src\test\resources
2023-10-20 21:58:14,609 [Worker-24: Building] INFO  o.e.m.c.i.l.LifecycleMappingFactory - Using org.eclipse.m2e.jdt.JarLifecycleMapping lifecycle mapping for MavenProject: org.example:Classifier:1.0-SNAPSHOT @ D:\classifier-automation-test-suite\pom.xml.
2023-10-20 21:58:15,574 [Worker-24: Building] WARN  o.e.m.c.i.embedder.EclipseLogger - Using platform encoding (UTF-8 actually) to copy filtered resources, i.e. build is platform dependent!
2023-10-20 21:58:15,575 [Worker-24: Building] INFO  o.e.m.c.i.embedder.EclipseLogger - skip non existing resourceDirectory D:\classifier-automation-test-suite\src\main\resources
2023-10-20 21:58:15,576 [Worker-24: Building] WARN  o.e.m.c.i.embedder.EclipseLogger - Using platform encoding (UTF-8 actually) to copy filtered resources, i.e. build is platform dependent!
2023-10-20 21:58:15,577 [Worker-24: Building] INFO  o.e.m.c.i.embedder.EclipseLogger - skip non existing resourceDirectory D:\classifier-automation-test-suite\src\test\resources
2023-10-20 21:58:16,041 [Worker-21: Updating Maven Dependencies] INFO  o.e.m.c.i.l.LifecycleMappingFactory - Using org.eclipse.m2e.jdt.JarLifecycleMapping lifecycle mapping for MavenProject: org.example:Classifier:1.0-SNAPSHOT @ D:\classifier-automation-test-suite\pom.xml.
2023-10-20 21:58:52,782 [Worker-25: Building] INFO  o.e.m.c.i.l.LifecycleMappingFactory - Using org.eclipse.m2e.jdt.JarLifecycleMapping lifecycle mapping for MavenProject: org.ahad:ahadTestAutomationSuite:0.0.1-SNAPSHOT @ D:\ahad-automation-test-suite\ahadTestAutomationSuite\pom.xml.
2023-10-20 21:58:53,131 [Worker-25: Building] WARN  o.e.m.c.i.embedder.EclipseLogger - Using platform encoding (UTF-8 actually) to copy filtered resources, i.e. build is platform dependent!
2023-10-20 21:58:53,132 [Worker-25: Building] INFO  o.e.m.c.i.embedder.EclipseLogger - skip non existing resourceDirectory D:\ahad-automation-test-suite\ahadTestAutomationSuite\src\main\resources
2023-10-20 21:58:53,135 [Worker-25: Building] WARN  o.e.m.c.i.embedder.EclipseLogger - Using platform encoding (UTF-8 actually) to copy filtered resources, i.e. build is platform dependent!
2023-10-20 21:58:53,135 [Worker-25: Building] INFO  o.e.m.c.i.embedder.EclipseLogger - skip non existing resourceDirectory D:\ahad-automation-test-suite\ahadTestAutomationSuite\src\test\resources
2023-10-20 21:08:21,074 [Worker-0: Loading available Gradle versions] INFO  o.e.b.c.i.u.g.PublishedGradleVersions - Gradle version information cache is up-to-date. Trying to read.
2023-10-20 21:08:23,053 [Worker-14: Building] INFO  o.e.m.c.i.l.LifecycleMappingFactory - Using org.eclipse.m2e.jdt.JarLifecycleMapping lifecycle mapping for MavenProject: org.ahad:ahadTestAutomationSuite:0.0.1-SNAPSHOT @ D:\ahad-automation-test-suite\ahadTestAutomationSuite\pom.xml.
2023-10-20 21:08:23,963 [Worker-14: Building] WARN  o.e.m.c.i.embedder.EclipseLogger - Using platform encoding (Cp1252 actually) to copy filtered resources, i.e. build is platform dependent!
2023-10-20 21:08:23,965 [Worker-14: Building] INFO  o.e.m.c.i.embedder.EclipseLogger - skip non existing resourceDirectory D:\ahad-automation-test-suite\ahadTestAutomationSuite\src\main\resources
2023-10-20 21:08:23,969 [Worker-14: Building] WARN  o.e.m.c.i.embedder.EclipseLogger - Using platform encoding (Cp1252 actually) to copy filtered resources, i.e. build is platform dependent!
2023-10-20 21:08:23,970 [Worker-14: Building] INFO  o.e.m.c.i.embedder.EclipseLogger - skip non existing resourceDirectory D:\ahad-automation-test-suite\ahadTestAutomationSuite\src\test\resources
2023-10-20 21:10:17,294 [Worker-0: Building] WARN  o.e.m.c.i.embedder.EclipseLogger - Using platform encoding (Cp1252 actually) to copy filtered resources, i.e. build is platform dependent!
2023-10-20 21:10:17,295 [Worker-0: Building] INFO  o.e.m.c.i.embedder.EclipseLogger - skip non existing resourceDirectory D:\ahad-automation-test-suite\ahadTestAutomationSuite\src\main\resources
2023-10-20 21:10:17,297 [Worker-0: Building] WARN  o.e.m.c.i.embedder.EclipseLogger - Using platform encoding (Cp1252 actually) to copy filtered resources, i.e. build is platform dependent!
2023-10-20 21:10:17,298 [Worker-0: Building] INFO  o.e.m.c.i.embedder.EclipseLogger - skip non existing resourceDirectory D:\ahad-automation-test-suite\ahadTestAutomationSuite\src\test\resources
2023-10-20 21:11:02,359 [Worker-15: Building] WARN  o.e.m.c.i.embedder.EclipseLogger - Using platform encoding (Cp1252 actually) to copy filtered resources, i.e. build is platform dependent!
2023-10-20 21:11:02,360 [Worker-15: Building] INFO  o.e.m.c.i.embedder.EclipseLogger - skip non existing resourceDirectory D:\ahad-automation-test-suite\ahadTestAutomationSuite\src\main\resources
2023-10-20 21:11:02,362 [Worker-15: Building] WARN  o.e.m.c.i.embedder.EclipseLogger - Using platform encoding (Cp1252 actually) to copy filtered resources, i.e. build is platform dependent!
2023-10-20 21:11:02,363 [Worker-15: Building] INFO  o.e.m.c.i.embedder.EclipseLogger - skip non existing resourceDirectory D:\ahad-automation-test-suite\ahadTestAutomationSuite\src\test\resources
2023-10-20 21:50:44,674 [Worker-13: Building] INFO  o.e.m.c.i.l.LifecycleMappingFactory - Using org.eclipse.m2e.jdt.JarLifecycleMapping lifecycle mapping for MavenProject: org.ahad:ahadTestAutomationSuite:0.0.1-SNAPSHOT @ D:\ahad-automation-test-suite\ahadTestAutomationSuite\pom.xml.
2023-10-20 21:50:45,297 [Worker-13: Building] WARN  o.e.m.c.i.embedder.EclipseLogger - Using platform encoding (Cp1252 actually) to copy filtered resources, i.e. build is platform dependent!
2023-10-20 21:50:45,298 [Worker-13: Building] INFO  o.e.m.c.i.embedder.EclipseLogger - skip non existing resourceDirectory D:\ahad-automation-test-suite\ahadTestAutomationSuite\src\main\resources
2023-10-20 21:50:45,301 [Worker-13: Building] WARN  o.e.m.c.i.embedder.EclipseLogger - Using platform encoding (Cp1252 actually) to copy filtered resources, i.e. build is platform dependent!
2023-10-20 21:50:45,302 [Worker-13: Building] INFO  o.e.m.c.i.embedder.EclipseLogger - skip non existing resourceDirectory D:\ahad-automation-test-suite\ahadTestAutomationSuite\src\test\resources
2023-10-20 21:53:19,993 [Worker-23: Building] WARN  o.e.m.c.i.embedder.EclipseLogger - Using platform encoding (Cp1252 actually) to copy filtered resources, i.e. build is platform dependent!
2023-10-20 21:53:19,994 [Worker-23: Building] INFO  o.e.m.c.i.embedder.EclipseLogger - skip non existing resourceDirectory D:\ahad-automation-test-suite\ahadTestAutomationSuite\src\main\resources
2023-10-20 21:53:19,996 [Worker-23: Building] WARN  o.e.m.c.i.embedder.EclipseLogger - Using platform encoding (Cp1252 actually) to copy filtered resources, i.e. build is platform dependent!
2023-10-20 21:53:19,997 [Worker-23: Building] INFO  o.e.m.c.i.embedder.EclipseLogger - skip non existing resourceDirectory D:\ahad-automation-test-suite\ahadTestAutomationSuite\src\test\resources
2023-10-20 21:56:06,163 [Worker-22: Building] WARN  o.e.m.c.i.embedder.EclipseLogger - Using platform encoding (Cp1252 actually) to copy filtered resources, i.e. build is platform dependent!
2023-10-20 21:56:06,164 [Worker-22: Building] INFO  o.e.m.c.i.embedder.EclipseLogger - skip non existing resourceDirectory D:\ahad-automation-test-suite\ahadTestAutomationSuite\src\main\resources
2023-10-20 21:56:06,166 [Worker-22: Building] WARN  o.e.m.c.i.embedder.EclipseLogger - Using platform encoding (Cp1252 actually) to copy filtered resources, i.e. build is platform dependent!
2023-10-20 21:56:06,167 [Worker-22: Building] INFO  o.e.m.c.i.embedder.EclipseLogger - skip non existing resourceDirectory D:\ahad-automation-test-suite\ahadTestAutomationSuite\src\test\resources
2023-10-20 21:58:55,931 [Worker-27: Building] WARN  o.e.m.c.i.embedder.EclipseLogger - Using platform encoding (Cp1252 actually) to copy filtered resources, i.e. build is platform dependent!
2023-10-20 21:58:55,932 [Worker-27: Building] INFO  o.e.m.c.i.embedder.EclipseLogger - skip non existing resourceDirectory D:\ahad-automation-test-suite\ahadTestAutomationSuite\src\main\resources
2023-10-20 21:58:55,934 [Worker-27: Building] WARN  o.e.m.c.i.embedder.EclipseLogger - Using platform encoding (Cp1252 actually) to copy filtered resources, i.e. build is platform dependent!
2023-10-20 21:58:55,935 [Worker-27: Building] INFO  o.e.m.c.i.embedder.EclipseLogger - skip non existing resourceDirectory D:\ahad-automation-test-suite\ahadTestAutomationSuite\src\test\resources
2023-10-20 23:29:50,434 [Worker-37: Building] INFO  o.e.m.c.i.l.LifecycleMappingFactory - Using org.eclipse.m2e.jdt.JarLifecycleMapping lifecycle mapping for MavenProject: org.example:Extractor:1.0-SNAPSHOT @ D:\extractor-automation-test-suite\pom.xml.
2023-10-20 23:29:50,906 [Worker-37: Building] WARN  o.e.m.c.i.embedder.EclipseLogger - Using platform encoding (Cp1252 actually) to copy filtered resources, i.e. build is platform dependent!
2023-10-20 23:29:50,907 [Worker-37: Building] INFO  o.e.m.c.i.embedder.EclipseLogger - skip non existing resourceDirectory D:\extractor-automation-test-suite\src\main\resources
2023-10-20 23:29:50,909 [Worker-37: Building] WARN  o.e.m.c.i.embedder.EclipseLogger - Using platform encoding (Cp1252 actually) to copy filtered resources, i.e. build is platform dependent!
2023-10-20 23:29:50,910 [Worker-37: Building] INFO  o.e.m.c.i.embedder.EclipseLogger - skip non existing resourceDirectory D:\extractor-automation-test-suite\src\test\resources
2023-10-20 23:29:51,640 [Worker-31: Updating Maven Dependencies] INFO  o.e.m.c.i.l.LifecycleMappingFactory - Using org.eclipse.m2e.jdt.JarLifecycleMapping lifecycle mapping for MavenProject: org.example:Extractor:1.0-SNAPSHOT @ D:\extractor-automation-test-suite\pom.xml.
2023-10-20 23:33:26,575 [Worker-43: Building] INFO  o.e.m.c.i.l.LifecycleMappingFactory - Using org.eclipse.m2e.jdt.JarLifecycleMapping lifecycle mapping for MavenProject: org.example:Classifier:1.0-SNAPSHOT @ D:\classifier-automation-test-suite\pom.xml.
2023-10-20 23:33:26,986 [Worker-43: Building] WARN  o.e.m.c.i.embedder.EclipseLogger - Using platform encoding (Cp1252 actually) to copy filtered resources, i.e. build is platform dependent!
2023-10-20 23:33:26,987 [Worker-43: Building] INFO  o.e.m.c.i.embedder.EclipseLogger - skip non existing resourceDirectory D:\classifier-automation-test-suite\src\main\resources
2023-10-20 23:33:26,989 [Worker-43: Building] WARN  o.e.m.c.i.embedder.EclipseLogger - Using platform encoding (Cp1252 actually) to copy filtered resources, i.e. build is platform dependent!
2023-10-20 23:33:26,989 [Worker-43: Building] INFO  o.e.m.c.i.embedder.EclipseLogger - skip non existing resourceDirectory D:\classifier-automation-test-suite\src\test\resources
2023-10-20 23:33:28,024 [Worker-42: Updating Maven Dependencies] INFO  o.e.m.c.i.l.LifecycleMappingFactory - Using org.eclipse.m2e.jdt.JarLifecycleMapping lifecycle mapping for MavenProject: org.example:Classifier:1.0-SNAPSHOT @ D:\classifier-automation-test-suite\pom.xml.
2023-10-20 23:33:52,289 [Worker-43: Building] WARN  o.e.m.c.i.embedder.EclipseLogger - Using platform encoding (Cp1252 actually) to copy filtered resources, i.e. build is platform dependent!
2023-10-20 23:33:52,290 [Worker-43: Building] INFO  o.e.m.c.i.embedder.EclipseLogger - skip non existing resourceDirectory D:\classifier-automation-test-suite\src\main\resources
2023-10-20 23:33:52,291 [Worker-43: Building] WARN  o.e.m.c.i.embedder.EclipseLogger - Using platform encoding (Cp1252 actually) to copy filtered resources, i.e. build is platform dependent!
2023-10-20 23:33:52,293 [Worker-43: Building] INFO  o.e.m.c.i.embedder.EclipseLogger - skip non existing resourceDirectory D:\classifier-automation-test-suite\src\test\resources
2023-10-20 23:37:36,183 [Worker-45: Building] WARN  o.e.m.c.i.embedder.EclipseLogger - Using platform encoding (Cp1252 actually) to copy filtered resources, i.e. build is platform dependent!
2023-10-20 23:37:36,184 [Worker-45: Building] INFO  o.e.m.c.i.embedder.EclipseLogger - skip non existing resourceDirectory D:\ahad-automation-test-suite\ahadTestAutomationSuite\src\main\resources
2023-10-20 23:37:36,187 [Worker-45: Building] WARN  o.e.m.c.i.embedder.EclipseLogger - Using platform encoding (Cp1252 actually) to copy filtered resources, i.e. build is platform dependent!
2023-10-20 23:37:36,188 [Worker-45: Building] INFO  o.e.m.c.i.embedder.EclipseLogger - skip non existing resourceDirectory D:\ahad-automation-test-suite\ahadTestAutomationSuite\src\test\resources
2023-10-20 23:37:48,847 [Worker-37: Building] WARN  o.e.m.c.i.embedder.EclipseLogger - Using platform encoding (Cp1252 actually) to copy filtered resources, i.e. build is platform dependent!
2023-10-20 23:37:48,848 [Worker-37: Building] INFO  o.e.m.c.i.embedder.EclipseLogger - skip non existing resourceDirectory D:\ahad-automation-test-suite\ahadTestAutomationSuite\src\main\resources
2023-10-20 23:37:48,850 [Worker-37: Building] WARN  o.e.m.c.i.embedder.EclipseLogger - Using platform encoding (Cp1252 actually) to copy filtered resources, i.e. build is platform dependent!
2023-10-20 23:37:48,851 [Worker-37: Building] INFO  o.e.m.c.i.embedder.EclipseLogger - skip non existing resourceDirectory D:\ahad-automation-test-suite\ahadTestAutomationSuite\src\test\resources
2023-10-20 23:38:14,177 [Worker-42: Building] WARN  o.e.m.c.i.embedder.EclipseLogger - Using platform encoding (Cp1252 actually) to copy filtered resources, i.e. build is platform dependent!
2023-10-20 23:38:14,178 [Worker-42: Building] INFO  o.e.m.c.i.embedder.EclipseLogger - skip non existing resourceDirectory D:\ahad-automation-test-suite\ahadTestAutomationSuite\src\main\resources
2023-10-20 23:38:14,179 [Worker-42: Building] WARN  o.e.m.c.i.embedder.EclipseLogger - Using platform encoding (Cp1252 actually) to copy filtered resources, i.e. build is platform dependent!
2023-10-20 23:38:14,179 [Worker-42: Building] INFO  o.e.m.c.i.embedder.EclipseLogger - skip non existing resourceDirectory D:\ahad-automation-test-suite\ahadTestAutomationSuite\src\test\resources
2023-10-20 23:38:30,549 [main] INFO  o.e.m2e.actions.ExecutePomAction - Creating new launch configuration
2023-10-20 23:39:43,422 [Worker-43: Building] WARN  o.e.m.c.i.embedder.EclipseLogger - Using platform encoding (Cp1252 actually) to copy filtered resources, i.e. build is platform dependent!
2023-10-20 23:39:43,423 [Worker-43: Building] INFO  o.e.m.c.i.embedder.EclipseLogger - skip non existing resourceDirectory D:\ahad-automation-test-suite\ahadTestAutomationSuite\src\main\resources
2023-10-20 23:39:43,424 [Worker-43: Building] WARN  o.e.m.c.i.embedder.EclipseLogger - Using platform encoding (Cp1252 actually) to copy filtered resources, i.e. build is platform dependent!
2023-10-20 23:39:43,424 [Worker-43: Building] INFO  o.e.m.c.i.embedder.EclipseLogger - skip non existing resourceDirectory D:\ahad-automation-test-suite\ahadTestAutomationSuite\src\test\resources
2023-10-20 23:46:54,918 [main] INFO  o.e.m2e.actions.ExecutePomAction - Using existing launch configuration
2023-10-20 23:46:58,012 [Worker-43: Launching ahadTestAutomationSuite] INFO  o.eclipse.m2e.core.internal.Bundles - getClasspathEntries(Bundle=org.eclipse.m2e.maven.runtime_3.8.701.20230209-1606 [607])
2023-10-20 23:46:58,016 [Worker-43: Launching ahadTestAutomationSuite] INFO  o.eclipse.m2e.core.internal.Bundles - 	Entry: C:\Users\lenovo\.p2\pool\plugins\org.eclipse.m2e.maven.runtime_3.8.701.20230209-1606
2023-10-20 23:46:58,016 [Worker-43: Launching ahadTestAutomationSuite] INFO  o.eclipse.m2e.core.internal.Bundles - 	Entry: C:\Users\lenovo\.p2\pool\plugins\org.eclipse.m2e.maven.runtime_3.8.701.20230209-1606\jars\aether-connector-okhttp-0.17.8.jar
2023-10-20 23:46:58,017 [Worker-43: Launching ahadTestAutomationSuite] INFO  o.eclipse.m2e.core.internal.Bundles - 	Entry: C:\Users\lenovo\.p2\pool\plugins\org.eclipse.m2e.maven.runtime_3.8.701.20230209-1606\jars\commons-lang3-3.8.1.jar
2023-10-20 23:46:58,017 [Worker-43: Launching ahadTestAutomationSuite] INFO  o.eclipse.m2e.core.internal.Bundles - 	Entry: C:\Users\lenovo\.p2\pool\plugins\org.eclipse.m2e.maven.runtime_3.8.701.20230209-1606\jars\guice-4.2.2-no_aop.jar
2023-10-20 23:46:58,017 [Worker-43: Launching ahadTestAutomationSuite] INFO  o.eclipse.m2e.core.internal.Bundles - 	Entry: C:\Users\lenovo\.p2\pool\plugins\org.eclipse.m2e.maven.runtime_3.8.701.20230209-1606\jars\jansi-2.4.0.jar
2023-10-20 23:46:58,017 [Worker-43: Launching ahadTestAutomationSuite] INFO  o.eclipse.m2e.core.internal.Bundles - 	Entry: C:\Users\lenovo\.p2\pool\plugins\org.eclipse.m2e.maven.runtime_3.8.701.20230209-1606\jars\maven-artifact-3.8.7.jar
2023-10-20 23:46:58,017 [Worker-43: Launching ahadTestAutomationSuite] INFO  o.eclipse.m2e.core.internal.Bundles - 	Entry: C:\Users\lenovo\.p2\pool\plugins\org.eclipse.m2e.maven.runtime_3.8.701.20230209-1606\jars\maven-builder-support-3.8.7.jar
2023-10-20 23:46:58,017 [Worker-43: Launching ahadTestAutomationSuite] INFO  o.eclipse.m2e.core.internal.Bundles - 	Entry: C:\Users\lenovo\.p2\pool\plugins\org.eclipse.m2e.maven.runtime_3.8.701.20230209-1606\jars\maven-compat-3.8.7.jar
2023-10-20 23:46:58,017 [Worker-43: Launching ahadTestAutomationSuite] INFO  o.eclipse.m2e.core.internal.Bundles - 	Entry: C:\Users\lenovo\.p2\pool\plugins\org.eclipse.m2e.maven.runtime_3.8.701.20230209-1606\jars\maven-core-3.8.7.jar
2023-10-20 23:46:58,017 [Worker-43: Launching ahadTestAutomationSuite] INFO  o.eclipse.m2e.core.internal.Bundles - 	Entry: C:\Users\lenovo\.p2\pool\plugins\org.eclipse.m2e.maven.runtime_3.8.701.20230209-1606\jars\maven-embedder-3.8.7.jar
2023-10-20 23:46:58,017 [Worker-43: Launching ahadTestAutomationSuite] INFO  o.eclipse.m2e.core.internal.Bundles - 	Entry: C:\Users\lenovo\.p2\pool\plugins\org.eclipse.m2e.maven.runtime_3.8.701.20230209-1606\jars\maven-model-3.8.7.jar
2023-10-20 23:46:58,018 [Worker-43: Launching ahadTestAutomationSuite] INFO  o.eclipse.m2e.core.internal.Bundles - 	Entry: C:\Users\lenovo\.p2\pool\plugins\org.eclipse.m2e.maven.runtime_3.8.701.20230209-1606\jars\maven-model-builder-3.8.7.jar
2023-10-20 23:46:58,018 [Worker-43: Launching ahadTestAutomationSuite] INFO  o.eclipse.m2e.core.internal.Bundles - 	Entry: C:\Users\lenovo\.p2\pool\plugins\org.eclipse.m2e.maven.runtime_3.8.701.20230209-1606\jars\maven-plugin-api-3.8.7.jar
2023-10-20 23:46:58,018 [Worker-43: Launching ahadTestAutomationSuite] INFO  o.eclipse.m2e.core.internal.Bundles - 	Entry: C:\Users\lenovo\.p2\pool\plugins\org.eclipse.m2e.maven.runtime_3.8.701.20230209-1606\jars\maven-repository-metadata-3.8.7.jar
2023-10-20 23:46:58,018 [Worker-43: Launching ahadTestAutomationSuite] INFO  o.eclipse.m2e.core.internal.Bundles - 	Entry: C:\Users\lenovo\.p2\pool\plugins\org.eclipse.m2e.maven.runtime_3.8.701.20230209-1606\jars\maven-resolver-api-1.6.3.jar
2023-10-20 23:46:58,018 [Worker-43: Launching ahadTestAutomationSuite] INFO  o.eclipse.m2e.core.internal.Bundles - 	Entry: C:\Users\lenovo\.p2\pool\plugins\org.eclipse.m2e.maven.runtime_3.8.701.20230209-1606\jars\maven-resolver-connector-basic-1.6.3.jar
2023-10-20 23:46:58,018 [Worker-43: Launching ahadTestAutomationSuite] INFO  o.eclipse.m2e.core.internal.Bundles - 	Entry: C:\Users\lenovo\.p2\pool\plugins\org.eclipse.m2e.maven.runtime_3.8.701.20230209-1606\jars\maven-resolver-impl-1.6.3.jar
2023-10-20 23:46:58,018 [Worker-43: Launching ahadTestAutomationSuite] INFO  o.eclipse.m2e.core.internal.Bundles - 	Entry: C:\Users\lenovo\.p2\pool\plugins\org.eclipse.m2e.maven.runtime_3.8.701.20230209-1606\jars\maven-resolver-provider-3.8.7.jar
2023-10-20 23:46:58,019 [Worker-43: Launching ahadTestAutomationSuite] INFO  o.eclipse.m2e.core.internal.Bundles - 	Entry: C:\Users\lenovo\.p2\pool\plugins\org.eclipse.m2e.maven.runtime_3.8.701.20230209-1606\jars\maven-resolver-spi-1.6.3.jar
2023-10-20 23:46:58,019 [Worker-43: Launching ahadTestAutomationSuite] INFO  o.eclipse.m2e.core.internal.Bundles - 	Entry: C:\Users\lenovo\.p2\pool\plugins\org.eclipse.m2e.maven.runtime_3.8.701.20230209-1606\jars\maven-resolver-transport-wagon-1.6.3.jar
2023-10-20 23:46:58,019 [Worker-43: Launching ahadTestAutomationSuite] INFO  o.eclipse.m2e.core.internal.Bundles - 	Entry: C:\Users\lenovo\.p2\pool\plugins\org.eclipse.m2e.maven.runtime_3.8.701.20230209-1606\jars\maven-resolver-util-1.6.3.jar
2023-10-20 23:46:58,019 [Worker-43: Launching ahadTestAutomationSuite] INFO  o.eclipse.m2e.core.internal.Bundles - 	Entry: C:\Users\lenovo\.p2\pool\plugins\org.eclipse.m2e.maven.runtime_3.8.701.20230209-1606\jars\maven-settings-3.8.7.jar
2023-10-20 23:46:58,019 [Worker-43: Launching ahadTestAutomationSuite] INFO  o.eclipse.m2e.core.internal.Bundles - 	Entry: C:\Users\lenovo\.p2\pool\plugins\org.eclipse.m2e.maven.runtime_3.8.701.20230209-1606\jars\maven-settings-builder-3.8.7.jar
2023-10-20 23:46:58,019 [Worker-43: Launching ahadTestAutomationSuite] INFO  o.eclipse.m2e.core.internal.Bundles - 	Entry: C:\Users\lenovo\.p2\pool\plugins\org.eclipse.m2e.maven.runtime_3.8.701.20230209-1606\jars\maven-shared-utils-3.3.4.jar
2023-10-20 23:46:58,019 [Worker-43: Launching ahadTestAutomationSuite] INFO  o.eclipse.m2e.core.internal.Bundles - 	Entry: C:\Users\lenovo\.p2\pool\plugins\org.eclipse.m2e.maven.runtime_3.8.701.20230209-1606\jars\okhttp-3.14.1.jar
2023-10-20 23:46:58,019 [Worker-43: Launching ahadTestAutomationSuite] INFO  o.eclipse.m2e.core.internal.Bundles - 	Entry: C:\Users\lenovo\.p2\pool\plugins\org.eclipse.m2e.maven.runtime_3.8.701.20230209-1606\jars\okio-1.17.3.jar
2023-10-20 23:46:58,019 [Worker-43: Launching ahadTestAutomationSuite] INFO  o.eclipse.m2e.core.internal.Bundles - 	Entry: C:\Users\lenovo\.p2\pool\plugins\org.eclipse.m2e.maven.runtime_3.8.701.20230209-1606\jars\org.eclipse.sisu.inject-0.3.5.jar
2023-10-20 23:46:58,020 [Worker-43: Launching ahadTestAutomationSuite] INFO  o.eclipse.m2e.core.internal.Bundles - 	Entry: C:\Users\lenovo\.p2\pool\plugins\org.eclipse.m2e.maven.runtime_3.8.701.20230209-1606\jars\org.eclipse.sisu.plexus-0.3.5.jar
2023-10-20 23:46:58,020 [Worker-43: Launching ahadTestAutomationSuite] INFO  o.eclipse.m2e.core.internal.Bundles - 	Entry: C:\Users\lenovo\.p2\pool\plugins\org.eclipse.m2e.maven.runtime_3.8.701.20230209-1606\jars\plexus-build-api-0.0.7.jar
2023-10-20 23:46:58,020 [Worker-43: Launching ahadTestAutomationSuite] INFO  o.eclipse.m2e.core.internal.Bundles - 	Entry: C:\Users\lenovo\.p2\pool\plugins\org.eclipse.m2e.maven.runtime_3.8.701.20230209-1606\jars\plexus-cipher-2.0.jar
2023-10-20 23:46:58,020 [Worker-43: Launching ahadTestAutomationSuite] INFO  o.eclipse.m2e.core.internal.Bundles - 	Entry: C:\Users\lenovo\.p2\pool\plugins\org.eclipse.m2e.maven.runtime_3.8.701.20230209-1606\jars\plexus-classworlds-2.6.0.jar
2023-10-20 23:46:58,020 [Worker-43: Launching ahadTestAutomationSuite] INFO  o.eclipse.m2e.core.internal.Bundles - 	Entry: C:\Users\lenovo\.p2\pool\plugins\org.eclipse.m2e.maven.runtime_3.8.701.20230209-1606\jars\plexus-component-annotations-2.1.0.jar
2023-10-20 23:46:58,020 [Worker-43: Launching ahadTestAutomationSuite] INFO  o.eclipse.m2e.core.internal.Bundles - 	Entry: C:\Users\lenovo\.p2\pool\plugins\org.eclipse.m2e.maven.runtime_3.8.701.20230209-1606\jars\plexus-interpolation-1.26.jar
2023-10-20 23:46:58,020 [Worker-43: Launching ahadTestAutomationSuite] INFO  o.eclipse.m2e.core.internal.Bundles - 	Entry: C:\Users\lenovo\.p2\pool\plugins\org.eclipse.m2e.maven.runtime_3.8.701.20230209-1606\jars\plexus-sec-dispatcher-2.0.jar
2023-10-20 23:46:58,020 [Worker-43: Launching ahadTestAutomationSuite] INFO  o.eclipse.m2e.core.internal.Bundles - 	Entry: C:\Users\lenovo\.p2\pool\plugins\org.eclipse.m2e.maven.runtime_3.8.701.20230209-1606\jars\plexus-utils-3.3.1.jar
2023-10-20 23:46:58,021 [Worker-43: Launching ahadTestAutomationSuite] INFO  o.eclipse.m2e.core.internal.Bundles - 	Entry: C:\Users\lenovo\.p2\pool\plugins\org.eclipse.m2e.maven.runtime_3.8.701.20230209-1606\jars\wagon-file-3.5.3.jar
2023-10-20 23:46:58,021 [Worker-43: Launching ahadTestAutomationSuite] INFO  o.eclipse.m2e.core.internal.Bundles - 	Entry: C:\Users\lenovo\.p2\pool\plugins\org.eclipse.m2e.maven.runtime_3.8.701.20230209-1606\jars\wagon-provider-api-3.5.3.jar
2023-10-20 23:46:58,022 [Worker-43: Launching ahadTestAutomationSuite] INFO  o.eclipse.m2e.core.internal.Bundles - getClasspathEntries(Bundle=com.google.guava_31.1.0.jre [11])
2023-10-20 23:46:58,022 [Worker-43: Launching ahadTestAutomationSuite] INFO  o.eclipse.m2e.core.internal.Bundles - 	Entry: C:\Users\lenovo\.p2\pool\plugins\com.google.guava_31.1.0.jre.jar
2023-10-20 23:46:58,022 [Worker-43: Launching ahadTestAutomationSuite] INFO  o.eclipse.m2e.core.internal.Bundles - getClasspathEntries(Bundle=slf4j.api_1.7.36 [921])
2023-10-20 23:46:58,023 [Worker-43: Launching ahadTestAutomationSuite] INFO  o.eclipse.m2e.core.internal.Bundles - 	Entry: C:\Users\lenovo\.p2\pool\plugins\slf4j.api_1.7.36.jar
2023-10-20 23:46:58,023 [Worker-43: Launching ahadTestAutomationSuite] INFO  o.eclipse.m2e.core.internal.Bundles - getClasspathEntries(Bundle=javax.inject_1.0.0.v20220405-0441 [35])
2023-10-20 23:46:58,024 [Worker-43: Launching ahadTestAutomationSuite] INFO  o.eclipse.m2e.core.internal.Bundles - 	Entry: C:\Users\lenovo\.p2\pool\plugins\javax.inject_1.0.0.v20220405-0441.jar
2023-10-20 23:46:58,024 [Worker-43: Launching ahadTestAutomationSuite] INFO  o.eclipse.m2e.core.internal.Bundles - getClasspathEntries(Bundle=javax.annotation_1.3.5.v20221203-1659 [33])
2023-10-20 23:46:58,025 [Worker-43: Launching ahadTestAutomationSuite] INFO  o.eclipse.m2e.core.internal.Bundles - 	Entry: C:\Users\lenovo\.p2\pool\plugins\javax.annotation_1.3.5.v20221203-1659.jar
2023-10-20 23:46:58,025 [Worker-43: Launching ahadTestAutomationSuite] INFO  o.eclipse.m2e.core.internal.Bundles - getClasspathEntries(Bundle=org.apache.commons.cli_1.4.0.v20221112-0806 [67])
2023-10-20 23:46:58,027 [Worker-43: Launching ahadTestAutomationSuite] INFO  o.eclipse.m2e.core.internal.Bundles - 	Entry: C:\Users\lenovo\.p2\pool\plugins\org.apache.commons.cli_1.4.0.v20221112-0806.jar
2023-10-20 23:46:58,027 [Worker-43: Launching ahadTestAutomationSuite] INFO  o.eclipse.m2e.core.internal.Bundles - getClasspathEntries(Bundle=com.google.guava.failureaccess_1.0.1 [13])
2023-10-20 23:46:58,029 [Worker-43: Launching ahadTestAutomationSuite] INFO  o.eclipse.m2e.core.internal.Bundles - 	Entry: C:\Users\lenovo\.p2\pool\plugins\com.google.guava.failureaccess_1.0.1.jar
2023-10-20 23:46:58,032 [Worker-43: Launching ahadTestAutomationSuite] INFO  o.e.m.i.launch.MavenLaunchDelegate - Run build in "D:\ahad-automation-test-suite\ahadTestAutomationSuite":
2023-10-20 23:46:58,038 [Worker-43: Launching ahadTestAutomationSuite] INFO  o.e.m.i.launch.MavenLaunchDelegate -  mvn  -B -Dstyle.color=always 
2023-10-20 23:49:23,635 [Worker-47: Building] WARN  o.e.m.c.i.embedder.EclipseLogger - Using platform encoding (Cp1252 actually) to copy filtered resources, i.e. build is platform dependent!
2023-10-20 23:49:23,635 [Worker-47: Building] INFO  o.e.m.c.i.embedder.EclipseLogger - skip non existing resourceDirectory D:\ahad-automation-test-suite\ahadTestAutomationSuite\src\main\resources
2023-10-20 23:49:23,637 [Worker-47: Building] WARN  o.e.m.c.i.embedder.EclipseLogger - Using platform encoding (Cp1252 actually) to copy filtered resources, i.e. build is platform dependent!
2023-10-20 23:49:23,637 [Worker-47: Building] INFO  o.e.m.c.i.embedder.EclipseLogger - skip non existing resourceDirectory D:\ahad-automation-test-suite\ahadTestAutomationSuite\src\test\resources
2023-10-20 23:49:34,880 [Worker-47: Launching Executing test in D__ahad-automation-test-suite_ahadTestAutomationSuite] INFO  o.e.m.i.launch.MavenLaunchDelegate - Run build in "D:\ahad-automation-test-suite\ahadTestAutomationSuite":
2023-10-20 23:49:34,881 [Worker-47: Launching Executing test in D__ahad-automation-test-suite_ahadTestAutomationSuite] INFO  o.e.m.i.launch.MavenLaunchDelegate -  mvn  -B -Dstyle.color=always test
2023-10-20 23:50:33,805 [Worker-47: Launching ahadTestAutomationSuite] INFO  o.e.m.i.launch.MavenLaunchDelegate - Run build in "D:\ahad-automation-test-suite\ahadTestAutomationSuite":
2023-10-20 23:50:33,805 [Worker-47: Launching ahadTestAutomationSuite] INFO  o.e.m.i.launch.MavenLaunchDelegate -  mvn  -B -Dstyle.color=always 
2023-10-20 23:50:34,012 [Worker-50: Building] WARN  o.e.m.c.i.embedder.EclipseLogger - Using platform encoding (Cp1252 actually) to copy filtered resources, i.e. build is platform dependent!
2023-10-20 23:50:34,013 [Worker-50: Building] INFO  o.e.m.c.i.embedder.EclipseLogger - skip non existing resourceDirectory D:\ahad-automation-test-suite\ahadTestAutomationSuite\src\main\resources
2023-10-20 23:50:34,015 [Worker-50: Building] WARN  o.e.m.c.i.embedder.EclipseLogger - Using platform encoding (Cp1252 actually) to copy filtered resources, i.e. build is platform dependent!
2023-10-20 23:50:34,015 [Worker-50: Building] INFO  o.e.m.c.i.embedder.EclipseLogger - skip non existing resourceDirectory D:\ahad-automation-test-suite\ahadTestAutomationSuite\src\test\resources
2023-10-20 23:50:58,338 [Worker-46: Searching...] INFO  o.eclipse.m2e.core.internal.Bundles - getClasspathEntries(Bundle=org.eclipse.m2e.workspace.cli_0.3.1 [619])
2023-10-20 23:50:58,340 [Worker-46: Searching...] INFO  o.eclipse.m2e.core.internal.Bundles - 	Entry: C:\Users\lenovo\.p2\pool\plugins\org.eclipse.m2e.workspace.cli_0.3.1.jar
2023-10-20 23:50:58,843 [Worker-46: Searching...] INFO  o.e.m.c.i.e.AbstractTransferListenerAdapter - Downloading https://repo.maven.apache.org/maven2/io/takari/m2e/workspace/org.eclipse.m2e.workspace.cli/0.3.1/org.eclipse.m2e.workspace.cli-0.3.1-sources.jar
2023-10-20 23:50:58,939 [Worker-46: Searching...] INFO  o.e.m.c.i.e.AbstractTransferListenerAdapter - Downloaded https://repo.maven.apache.org/maven2/io/takari/m2e/workspace/org.eclipse.m2e.workspace.cli/0.3.1/org.eclipse.m2e.workspace.cli-0.3.1-sources.jar
2023-10-20 23:50:59,178 [Worker-46: Searching...] INFO  o.e.m.c.i.e.AbstractTransferListenerAdapter - Downloading https://repo.maven.apache.org/maven2/org/codehaus/plexus/plexus-classworlds/2.6.0/plexus-classworlds-2.6.0-sources.jar
2023-10-20 23:50:59,314 [Worker-46: Searching...] INFO  o.e.m.c.i.e.AbstractTransferListenerAdapter - Downloaded https://repo.maven.apache.org/maven2/org/codehaus/plexus/plexus-classworlds/2.6.0/plexus-classworlds-2.6.0-sources.jar
2023-10-20 23:50:59,579 [Worker-46: Searching...] INFO  o.e.m.c.i.e.AbstractTransferListenerAdapter - Downloading https://repo.maven.apache.org/maven2/io/takari/aether/aether-connector-okhttp/0.17.8/aether-connector-okhttp-0.17.8-sources.jar
2023-10-20 23:50:59,693 [Worker-46: Searching...] INFO  o.e.m.c.i.e.AbstractTransferListenerAdapter - Downloaded https://repo.maven.apache.org/maven2/io/takari/aether/aether-connector-okhttp/0.17.8/aether-connector-okhttp-0.17.8-sources.jar
2023-10-20 23:50:59,932 [Worker-46: Searching...] INFO  o.e.m.c.i.e.AbstractTransferListenerAdapter - Downloading https://repo.maven.apache.org/maven2/org/apache/commons/commons-lang3/3.8.1/commons-lang3-3.8.1-sources.jar
2023-10-20 23:51:00,374 [Worker-46: Searching...] INFO  o.e.m.c.i.e.AbstractTransferListenerAdapter - Downloaded https://repo.maven.apache.org/maven2/org/apache/commons/commons-lang3/3.8.1/commons-lang3-3.8.1-sources.jar
2023-10-20 23:51:00,651 [Worker-46: Searching...] INFO  o.e.m.c.i.e.AbstractTransferListenerAdapter - Downloading https://repo.maven.apache.org/maven2/org/fusesource/jansi/jansi/2.4.0/jansi-2.4.0-sources.jar
2023-10-20 23:51:00,877 [Worker-46: Searching...] INFO  o.e.m.c.i.e.AbstractTransferListenerAdapter - Downloaded https://repo.maven.apache.org/maven2/org/fusesource/jansi/jansi/2.4.0/jansi-2.4.0-sources.jar
2023-10-20 23:51:01,121 [Worker-46: Searching...] INFO  o.e.m.c.i.e.AbstractTransferListenerAdapter - Downloading https://repo.maven.apache.org/maven2/org/apache/maven/maven-artifact/3.8.7/maven-artifact-3.8.7-sources.jar
2023-10-20 23:51:01,242 [Worker-46: Searching...] INFO  o.e.m.c.i.e.AbstractTransferListenerAdapter - Downloaded https://repo.maven.apache.org/maven2/org/apache/maven/maven-artifact/3.8.7/maven-artifact-3.8.7-sources.jar
2023-10-20 23:51:01,493 [Worker-46: Searching...] INFO  o.e.m.c.i.e.AbstractTransferListenerAdapter - Downloading https://repo.maven.apache.org/maven2/org/apache/maven/maven-builder-support/3.8.7/maven-builder-support-3.8.7-sources.jar
2023-10-20 23:51:01,615 [Worker-46: Searching...] INFO  o.e.m.c.i.e.AbstractTransferListenerAdapter - Downloaded https://repo.maven.apache.org/maven2/org/apache/maven/maven-builder-support/3.8.7/maven-builder-support-3.8.7-sources.jar
2023-10-20 23:51:01,858 [Worker-46: Searching...] INFO  o.e.m.c.i.e.AbstractTransferListenerAdapter - Downloading https://repo.maven.apache.org/maven2/org/apache/maven/maven-compat/3.8.7/maven-compat-3.8.7-sources.jar
2023-10-20 23:51:02,103 [Worker-46: Searching...] INFO  o.e.m.c.i.e.AbstractTransferListenerAdapter - Downloaded https://repo.maven.apache.org/maven2/org/apache/maven/maven-compat/3.8.7/maven-compat-3.8.7-sources.jar
2023-10-20 23:51:02,335 [Worker-46: Searching...] INFO  o.e.m.c.i.e.AbstractTransferListenerAdapter - Downloading https://repo.maven.apache.org/maven2/org/apache/maven/maven-core/3.8.7/maven-core-3.8.7-sources.jar
2023-10-20 23:51:02,762 [Worker-46: Searching...] INFO  o.e.m.c.i.e.AbstractTransferListenerAdapter - Downloaded https://repo.maven.apache.org/maven2/org/apache/maven/maven-core/3.8.7/maven-core-3.8.7-sources.jar
2023-10-20 23:51:03,006 [Worker-46: Searching...] INFO  o.e.m.c.i.e.AbstractTransferListenerAdapter - Downloading https://repo.maven.apache.org/maven2/org/apache/maven/maven-embedder/3.8.7/maven-embedder-3.8.7-sources.jar
2023-10-20 23:51:03,149 [Worker-46: Searching...] INFO  o.e.m.c.i.e.AbstractTransferListenerAdapter - Downloaded https://repo.maven.apache.org/maven2/org/apache/maven/maven-embedder/3.8.7/maven-embedder-3.8.7-sources.jar
2023-10-20 23:51:03,397 [Worker-46: Searching...] INFO  o.e.m.c.i.e.AbstractTransferListenerAdapter - Downloading https://repo.maven.apache.org/maven2/org/apache/maven/maven-model/3.8.7/maven-model-3.8.7-sources.jar
2023-10-20 23:51:03,595 [Worker-46: Searching...] INFO  o.e.m.c.i.e.AbstractTransferListenerAdapter - Downloaded https://repo.maven.apache.org/maven2/org/apache/maven/maven-model/3.8.7/maven-model-3.8.7-sources.jar
2023-10-20 23:51:03,845 [Worker-46: Searching...] INFO  o.e.m.c.i.e.AbstractTransferListenerAdapter - Downloading https://repo.maven.apache.org/maven2/org/apache/maven/maven-model-builder/3.8.7/maven-model-builder-3.8.7-sources.jar
2023-10-20 23:51:04,074 [Worker-46: Searching...] INFO  o.e.m.c.i.e.AbstractTransferListenerAdapter - Downloaded https://repo.maven.apache.org/maven2/org/apache/maven/maven-model-builder/3.8.7/maven-model-builder-3.8.7-sources.jar
2023-10-20 23:51:04,313 [Worker-46: Searching...] INFO  o.e.m.c.i.e.AbstractTransferListenerAdapter - Downloading https://repo.maven.apache.org/maven2/org/apache/maven/maven-plugin-api/3.8.7/maven-plugin-api-3.8.7-sources.jar
2023-10-20 23:51:04,438 [Worker-46: Searching...] INFO  o.e.m.c.i.e.AbstractTransferListenerAdapter - Downloaded https://repo.maven.apache.org/maven2/org/apache/maven/maven-plugin-api/3.8.7/maven-plugin-api-3.8.7-sources.jar
2023-10-20 23:51:04,673 [Worker-46: Searching...] INFO  o.e.m.c.i.e.AbstractTransferListenerAdapter - Downloading https://repo.maven.apache.org/maven2/org/apache/maven/maven-repository-metadata/3.8.7/maven-repository-metadata-3.8.7-sources.jar
2023-10-20 23:51:04,788 [Worker-46: Searching...] INFO  o.e.m.c.i.e.AbstractTransferListenerAdapter - Downloaded https://repo.maven.apache.org/maven2/org/apache/maven/maven-repository-metadata/3.8.7/maven-repository-metadata-3.8.7-sources.jar
2023-10-20 23:51:05,055 [Worker-46: Searching...] INFO  o.e.m.c.i.e.AbstractTransferListenerAdapter - Downloading https://repo.maven.apache.org/maven2/org/apache/maven/resolver/maven-resolver-api/1.6.3/maven-resolver-api-1.6.3-sources.jar
2023-10-20 23:51:05,459 [Worker-46: Searching...] INFO  o.e.m.c.i.e.AbstractTransferListenerAdapter - Downloaded https://repo.maven.apache.org/maven2/org/apache/maven/resolver/maven-resolver-api/1.6.3/maven-resolver-api-1.6.3-sources.jar
2023-10-20 23:51:05,701 [Worker-46: Searching...] INFO  o.e.m.c.i.e.AbstractTransferListenerAdapter - Downloading https://repo.maven.apache.org/maven2/org/apache/maven/resolver/maven-resolver-connector-basic/1.6.3/maven-resolver-connector-basic-1.6.3-sources.jar
2023-10-20 23:51:05,824 [Worker-46: Searching...] INFO  o.e.m.c.i.e.AbstractTransferListenerAdapter - Downloaded https://repo.maven.apache.org/maven2/org/apache/maven/resolver/maven-resolver-connector-basic/1.6.3/maven-resolver-connector-basic-1.6.3-sources.jar
2023-10-20 23:51:06,078 [Worker-46: Searching...] INFO  o.e.m.c.i.e.AbstractTransferListenerAdapter - Downloading https://repo.maven.apache.org/maven2/org/apache/maven/resolver/maven-resolver-impl/1.6.3/maven-resolver-impl-1.6.3-sources.jar
2023-10-20 23:51:06,416 [Worker-46: Searching...] INFO  o.e.m.c.i.e.AbstractTransferListenerAdapter - Downloaded https://repo.maven.apache.org/maven2/org/apache/maven/resolver/maven-resolver-impl/1.6.3/maven-resolver-impl-1.6.3-sources.jar
2023-10-20 23:51:06,653 [Worker-46: Searching...] INFO  o.e.m.c.i.e.AbstractTransferListenerAdapter - Downloading https://repo.maven.apache.org/maven2/org/apache/maven/maven-resolver-provider/3.8.7/maven-resolver-provider-3.8.7-sources.jar
2023-10-20 23:51:06,792 [Worker-46: Searching...] INFO  o.e.m.c.i.e.AbstractTransferListenerAdapter - Downloaded https://repo.maven.apache.org/maven2/org/apache/maven/maven-resolver-provider/3.8.7/maven-resolver-provider-3.8.7-sources.jar
2023-10-20 23:51:07,037 [Worker-46: Searching...] INFO  o.e.m.c.i.e.AbstractTransferListenerAdapter - Downloading https://repo.maven.apache.org/maven2/org/apache/maven/resolver/maven-resolver-spi/1.6.3/maven-resolver-spi-1.6.3-sources.jar
2023-10-20 23:51:07,191 [Worker-46: Searching...] INFO  o.e.m.c.i.e.AbstractTransferListenerAdapter - Downloaded https://repo.maven.apache.org/maven2/org/apache/maven/resolver/maven-resolver-spi/1.6.3/maven-resolver-spi-1.6.3-sources.jar
2023-10-20 23:51:07,436 [Worker-46: Searching...] INFO  o.e.m.c.i.e.AbstractTransferListenerAdapter - Downloading https://repo.maven.apache.org/maven2/org/apache/maven/resolver/maven-resolver-transport-wagon/1.6.3/maven-resolver-transport-wagon-1.6.3-sources.jar
2023-10-20 23:51:07,546 [Worker-46: Searching...] INFO  o.e.m.c.i.e.AbstractTransferListenerAdapter - Downloaded https://repo.maven.apache.org/maven2/org/apache/maven/resolver/maven-resolver-transport-wagon/1.6.3/maven-resolver-transport-wagon-1.6.3-sources.jar
2023-10-20 23:51:07,775 [Worker-46: Searching...] INFO  o.e.m.c.i.e.AbstractTransferListenerAdapter - Downloading https://repo.maven.apache.org/maven2/org/apache/maven/resolver/maven-resolver-util/1.6.3/maven-resolver-util-1.6.3-sources.jar
2023-10-20 23:51:08,002 [Worker-46: Searching...] INFO  o.e.m.c.i.e.AbstractTransferListenerAdapter - Downloaded https://repo.maven.apache.org/maven2/org/apache/maven/resolver/maven-resolver-util/1.6.3/maven-resolver-util-1.6.3-sources.jar
2023-10-20 23:51:08,235 [Worker-46: Searching...] INFO  o.e.m.c.i.e.AbstractTransferListenerAdapter - Downloading https://repo.maven.apache.org/maven2/org/apache/maven/maven-settings/3.8.7/maven-settings-3.8.7-sources.jar
2023-10-20 23:51:08,360 [Worker-46: Searching...] INFO  o.e.m.c.i.e.AbstractTransferListenerAdapter - Downloaded https://repo.maven.apache.org/maven2/org/apache/maven/maven-settings/3.8.7/maven-settings-3.8.7-sources.jar
2023-10-20 23:51:08,608 [Worker-46: Searching...] INFO  o.e.m.c.i.e.AbstractTransferListenerAdapter - Downloading https://repo.maven.apache.org/maven2/org/apache/maven/maven-settings-builder/3.8.7/maven-settings-builder-3.8.7-sources.jar
2023-10-20 23:51:08,740 [Worker-46: Searching...] INFO  o.e.m.c.i.e.AbstractTransferListenerAdapter - Downloaded https://repo.maven.apache.org/maven2/org/apache/maven/maven-settings-builder/3.8.7/maven-settings-builder-3.8.7-sources.jar
2023-10-20 23:51:08,986 [Worker-46: Searching...] INFO  o.e.m.c.i.e.AbstractTransferListenerAdapter - Downloading https://repo.maven.apache.org/maven2/org/apache/maven/shared/maven-shared-utils/3.3.4/maven-shared-utils-3.3.4-sources.jar
2023-10-20 23:51:09,226 [Worker-46: Searching...] INFO  o.e.m.c.i.e.AbstractTransferListenerAdapter - Downloaded https://repo.maven.apache.org/maven2/org/apache/maven/shared/maven-shared-utils/3.3.4/maven-shared-utils-3.3.4-sources.jar
2023-10-20 23:51:09,469 [Worker-46: Searching...] INFO  o.e.m.c.i.e.AbstractTransferListenerAdapter - Downloading https://repo.maven.apache.org/maven2/com/squareup/okhttp3/okhttp/3.14.1/okhttp-3.14.1-sources.jar
2023-10-20 23:51:09,806 [Worker-46: Searching...] INFO  o.e.m.c.i.e.AbstractTransferListenerAdapter - Downloaded https://repo.maven.apache.org/maven2/com/squareup/okhttp3/okhttp/3.14.1/okhttp-3.14.1-sources.jar
2023-10-20 23:51:10,056 [Worker-46: Searching...] INFO  o.e.m.c.i.e.AbstractTransferListenerAdapter - Downloading https://repo.maven.apache.org/maven2/com/squareup/okio/okio/1.17.3/okio-1.17.3-sources.jar
2023-10-20 23:51:10,198 [Worker-46: Searching...] INFO  o.e.m.c.i.e.AbstractTransferListenerAdapter - Downloaded https://repo.maven.apache.org/maven2/com/squareup/okio/okio/1.17.3/okio-1.17.3-sources.jar
2023-10-20 23:51:10,435 [Worker-46: Searching...] INFO  o.e.m.c.i.e.AbstractTransferListenerAdapter - Downloading https://repo.maven.apache.org/maven2/org/codehaus/plexus/plexus-cipher/2.0/plexus-cipher-2.0-sources.jar
2023-10-20 23:51:10,542 [Worker-46: Searching...] INFO  o.e.m.c.i.e.AbstractTransferListenerAdapter - Downloaded https://repo.maven.apache.org/maven2/org/codehaus/plexus/plexus-cipher/2.0/plexus-cipher-2.0-sources.jar
2023-10-20 23:51:10,784 [Worker-46: Searching...] INFO  o.e.m.c.i.e.AbstractTransferListenerAdapter - Downloading https://repo.maven.apache.org/maven2/org/codehaus/plexus/plexus-component-annotations/2.1.0/plexus-component-annotations-2.1.0-sources.jar
2023-10-20 23:51:10,895 [Worker-46: Searching...] INFO  o.e.m.c.i.e.AbstractTransferListenerAdapter - Downloaded https://repo.maven.apache.org/maven2/org/codehaus/plexus/plexus-component-annotations/2.1.0/plexus-component-annotations-2.1.0-sources.jar
2023-10-20 23:51:11,142 [Worker-46: Searching...] INFO  o.e.m.c.i.e.AbstractTransferListenerAdapter - Downloading https://repo.maven.apache.org/maven2/org/codehaus/plexus/plexus-interpolation/1.26/plexus-interpolation-1.26-sources.jar
2023-10-20 23:51:11,285 [Worker-46: Searching...] INFO  o.e.m.c.i.e.AbstractTransferListenerAdapter - Downloaded https://repo.maven.apache.org/maven2/org/codehaus/plexus/plexus-interpolation/1.26/plexus-interpolation-1.26-sources.jar
2023-10-20 23:51:11,520 [Worker-46: Searching...] INFO  o.e.m.c.i.e.AbstractTransferListenerAdapter - Downloading https://repo.maven.apache.org/maven2/org/codehaus/plexus/plexus-sec-dispatcher/2.0/plexus-sec-dispatcher-2.0-sources.jar
2023-10-20 23:51:11,631 [Worker-46: Searching...] INFO  o.e.m.c.i.e.AbstractTransferListenerAdapter - Downloaded https://repo.maven.apache.org/maven2/org/codehaus/plexus/plexus-sec-dispatcher/2.0/plexus-sec-dispatcher-2.0-sources.jar
2023-10-20 23:51:11,866 [Worker-46: Searching...] INFO  o.e.m.c.i.e.AbstractTransferListenerAdapter - Downloading https://repo.maven.apache.org/maven2/org/codehaus/plexus/plexus-utils/3.3.1/plexus-utils-3.3.1-sources.jar
2023-10-20 23:51:12,137 [Worker-46: Searching...] INFO  o.e.m.c.i.e.AbstractTransferListenerAdapter - Downloaded https://repo.maven.apache.org/maven2/org/codehaus/plexus/plexus-utils/3.3.1/plexus-utils-3.3.1-sources.jar
2023-10-20 23:51:12,371 [Worker-46: Searching...] INFO  o.e.m.c.i.e.AbstractTransferListenerAdapter - Downloading https://repo.maven.apache.org/maven2/org/apache/maven/wagon/wagon-file/3.5.3/wagon-file-3.5.3-sources.jar
2023-10-20 23:51:12,485 [Worker-46: Searching...] INFO  o.e.m.c.i.e.AbstractTransferListenerAdapter - Downloaded https://repo.maven.apache.org/maven2/org/apache/maven/wagon/wagon-file/3.5.3/wagon-file-3.5.3-sources.jar
2023-10-20 23:51:12,714 [Worker-46: Searching...] INFO  o.e.m.c.i.e.AbstractTransferListenerAdapter - Downloading https://repo.maven.apache.org/maven2/org/apache/maven/wagon/wagon-provider-api/3.5.3/wagon-provider-api-3.5.3-sources.jar
2023-10-20 23:51:12,841 [Worker-46: Searching...] INFO  o.e.m.c.i.e.AbstractTransferListenerAdapter - Downloaded https://repo.maven.apache.org/maven2/org/apache/maven/wagon/wagon-provider-api/3.5.3/wagon-provider-api-3.5.3-sources.jar
2023-10-20 23:51:13,102 [Worker-46: Searching...] INFO  o.e.m.c.i.e.AbstractTransferListenerAdapter - Downloading https://repo.maven.apache.org/maven2/org/apache/maven/maven-slf4j-provider/3.8.7/maven-slf4j-provider-3.8.7-sources.jar
2023-10-20 23:51:13,209 [Worker-46: Searching...] INFO  o.e.m.c.i.e.AbstractTransferListenerAdapter - Downloaded https://repo.maven.apache.org/maven2/org/apache/maven/maven-slf4j-provider/3.8.7/maven-slf4j-provider-3.8.7-sources.jar
2023-10-22 08:19:40,816 [Worker-53: Building] WARN  o.e.m.c.i.embedder.EclipseLogger - Using platform encoding (Cp1252 actually) to copy filtered resources, i.e. build is platform dependent!
2023-10-22 08:19:40,853 [Worker-53: Building] INFO  o.e.m.c.i.embedder.EclipseLogger - skip non existing resourceDirectory D:\ahad-automation-test-suite\ahadTestAutomationSuite\src\main\resources
2023-10-22 08:19:40,855 [Worker-53: Building] WARN  o.e.m.c.i.embedder.EclipseLogger - Using platform encoding (Cp1252 actually) to copy filtered resources, i.e. build is platform dependent!
2023-10-22 08:19:40,855 [Worker-53: Building] INFO  o.e.m.c.i.embedder.EclipseLogger - skip non existing resourceDirectory D:\ahad-automation-test-suite\ahadTestAutomationSuite\src\test\resources
2023-10-22 08:22:22,425 [Worker-59: Building] INFO  o.e.m.c.i.l.LifecycleMappingFactory - Using org.eclipse.m2e.jdt.JarLifecycleMapping lifecycle mapping for MavenProject: org.example:Classifier:1.0-SNAPSHOT @ D:\classifier-automation-test-suite\pom.xml.
2023-10-22 08:22:22,907 [Worker-59: Building] WARN  o.e.m.c.i.embedder.EclipseLogger - Using platform encoding (Cp1252 actually) to copy filtered resources, i.e. build is platform dependent!
2023-10-22 08:22:22,907 [Worker-59: Building] INFO  o.e.m.c.i.embedder.EclipseLogger - skip non existing resourceDirectory D:\classifier-automation-test-suite\src\main\resources
2023-10-22 08:22:22,909 [Worker-59: Building] WARN  o.e.m.c.i.embedder.EclipseLogger - Using platform encoding (Cp1252 actually) to copy filtered resources, i.e. build is platform dependent!
2023-10-22 08:22:22,910 [Worker-59: Building] INFO  o.e.m.c.i.embedder.EclipseLogger - skip non existing resourceDirectory D:\classifier-automation-test-suite\src\test\resources
2023-10-22 08:22:23,852 [Worker-54: Updating Maven Dependencies] INFO  o.e.m.c.i.l.LifecycleMappingFactory - Using org.eclipse.m2e.jdt.JarLifecycleMapping lifecycle mapping for MavenProject: org.example:Classifier:1.0-SNAPSHOT @ D:\classifier-automation-test-suite\pom.xml.
2023-10-22 08:36:16,897 [Worker-61: Building] WARN  o.e.m.c.i.embedder.EclipseLogger - Using platform encoding (Cp1252 actually) to copy filtered resources, i.e. build is platform dependent!
2023-10-22 08:36:16,898 [Worker-61: Building] INFO  o.e.m.c.i.embedder.EclipseLogger - skip non existing resourceDirectory D:\ahad-automation-test-suite\ahadTestAutomationSuite\src\main\resources
2023-10-22 08:36:16,900 [Worker-61: Building] WARN  o.e.m.c.i.embedder.EclipseLogger - Using platform encoding (Cp1252 actually) to copy filtered resources, i.e. build is platform dependent!
2023-10-22 08:36:16,900 [Worker-61: Building] INFO  o.e.m.c.i.embedder.EclipseLogger - skip non existing resourceDirectory D:\ahad-automation-test-suite\ahadTestAutomationSuite\src\test\resources
2023-10-22 09:06:13,942 [Worker-62: Building] INFO  o.e.m.c.i.l.LifecycleMappingFactory - Using org.eclipse.m2e.jdt.JarLifecycleMapping lifecycle mapping for MavenProject: ws.ahad:AhadTestAutomationSuite:1.0.0 @ D:\ahad-automation-test-suite\ahadTestAutomationSuite\pom.xml.
2023-10-22 09:06:15,902 [Worker-62: Building] WARN  o.e.m.c.i.embedder.EclipseLogger - Using platform encoding (Cp1252 actually) to copy filtered resources, i.e. build is platform dependent!
2023-10-22 09:06:15,903 [Worker-62: Building] INFO  o.e.m.c.i.embedder.EclipseLogger - skip non existing resourceDirectory D:\ahad-automation-test-suite\ahadTestAutomationSuite\src\main\resources
2023-10-22 09:06:15,904 [Worker-62: Building] WARN  o.e.m.c.i.embedder.EclipseLogger - Using platform encoding (Cp1252 actually) to copy filtered resources, i.e. build is platform dependent!
2023-10-22 09:06:15,905 [Worker-62: Building] INFO  o.e.m.c.i.embedder.EclipseLogger - skip non existing resourceDirectory D:\ahad-automation-test-suite\ahadTestAutomationSuite\src\test\resources
2023-10-22 09:09:33,122 [Worker-64: Creating project "TestAutomationSuite"] INFO  o.e.m.c.i.l.LifecycleMappingFactory - Using org.eclipse.m2e.jdt.JarLifecycleMapping lifecycle mapping for MavenProject: ws.ahad:TestAutomationSuite:1.0.0 @ D:\ahad-automation-test-suite\TestAutomationSuite\pom.xml.
2023-10-22 09:09:33,270 [Worker-64: Creating project "TestAutomationSuite"] INFO  o.e.m.j.i.AbstractJavaProjectConfigurator - Adding source folder /TestAutomationSuite/src/main/java
2023-10-22 09:09:33,270 [Worker-64: Creating project "TestAutomationSuite"] INFO  o.e.m.j.i.AbstractJavaProjectConfigurator - Adding resource folder /TestAutomationSuite/src/main/resources
2023-10-22 09:09:33,270 [Worker-64: Creating project "TestAutomationSuite"] INFO  o.e.m.j.i.AbstractJavaProjectConfigurator - Adding source folder /TestAutomationSuite/src/test/java
2023-10-22 09:09:33,270 [Worker-64: Creating project "TestAutomationSuite"] INFO  o.e.m.j.i.AbstractJavaProjectConfigurator - Adding resource folder /TestAutomationSuite/src/test/resources
2023-10-22 09:09:34,761 [Worker-67: Building] WARN  o.e.m.c.i.embedder.EclipseLogger - Using platform encoding (Cp1252 actually) to copy filtered resources, i.e. build is platform dependent!
2023-10-22 09:09:34,762 [Worker-67: Building] INFO  o.e.m.c.i.embedder.EclipseLogger - Copying 0 resource
2023-10-22 09:09:34,763 [Worker-67: Building] WARN  o.e.m.c.i.embedder.EclipseLogger - Using platform encoding (Cp1252 actually) to copy filtered resources, i.e. build is platform dependent!
2023-10-22 09:09:34,763 [Worker-67: Building] INFO  o.e.m.c.i.embedder.EclipseLogger - Copying 0 resource
2023-10-22 09:12:44,555 [Worker-64: Building] WARN  o.e.m.c.i.embedder.EclipseLogger - Using platform encoding (Cp1252 actually) to copy filtered resources, i.e. build is platform dependent!
2023-10-22 09:12:44,557 [Worker-64: Building] INFO  o.e.m.c.i.embedder.EclipseLogger - Copying 0 resource
2023-10-22 09:12:44,558 [Worker-64: Building] WARN  o.e.m.c.i.embedder.EclipseLogger - Using platform encoding (Cp1252 actually) to copy filtered resources, i.e. build is platform dependent!
2023-10-22 09:12:44,559 [Worker-64: Building] INFO  o.e.m.c.i.embedder.EclipseLogger - Copying 0 resource
